{"C:\\Users\\ezequ\\Documentos\\Dev\\Angular\\Test\\prv-tests\\src\\app\\app-routing.module.ts": {"path":"C:\\Users\\ezequ\\Documentos\\Dev\\Angular\\Test\\prv-tests\\src\\app\\app-routing.module.ts","statementMap":{"0":{"start":{"line":1,"column":0},"end":{"line":1,"column":39}},"1":{"start":{"line":2,"column":0},"end":{"line":2,"column":53}},"2":{"start":{"line":4,"column":23},"end":{"line":12,"column":2}},"3":{"start":{"line":8,"column":6},"end":{"line":8,"column":72}},"4":{"start":{"line":8,"column":6},"end":{"line":8,"column":45}},"5":{"start":{"line":8,"column":57},"end":{"line":8,"column":71}},"6":{"start":{"line":18,"column":7},"end":{"line":19,"column":null}},"7":{"start":{"line":18,"column":13},"end":{"line":19,"column":null}},"8":{"start":{"line":18,"column":13},"end":{"line":18,"column":29}}},"fnMap":{"0":{"name":"(anonymous_0)","decl":{"start":{"line":7,"column":18},"end":{"line":7,"column":21}},"loc":{"start":{"line":8,"column":6},"end":{"line":8,"column":72}}},"1":{"name":"(anonymous_1)","decl":{"start":{"line":8,"column":6},"end":{"line":8,"column":13}},"loc":{"start":{"line":8,"column":6},"end":{"line":8,"column":45}}},"2":{"name":"(anonymous_2)","decl":{"start":{"line":8,"column":50},"end":{"line":8,"column":51}},"loc":{"start":{"line":8,"column":57},"end":{"line":8,"column":71}}}},"branchMap":{},"s":{"0":2,"1":2,"2":2,"3":0,"4":0,"5":0,"6":2,"7":2,"8":2},"f":{"0":0,"1":0,"2":0},"b":{}}
,"C:\\Users\\ezequ\\Documentos\\Dev\\Angular\\Test\\prv-tests\\src\\app\\app.component.html": {"path":"C:\\Users\\ezequ\\Documentos\\Dev\\Angular\\Test\\prv-tests\\src\\app\\app.component.html","statementMap":{"0":{"start":{"line":1,"column":0},"end":{"line":1,"column":422}}},"fnMap":{},"branchMap":{},"s":{"0":3},"f":{},"b":{},"_coverageSchema":"1a1c01bbd47fc00a2c39e90264f33305004495a9","hash":"f0148a159b70408eea53d038da0f479aa25c1d07"}
,"C:\\Users\\ezequ\\Documentos\\Dev\\Angular\\Test\\prv-tests\\src\\app\\app.component.ts": {"path":"C:\\Users\\ezequ\\Documentos\\Dev\\Angular\\Test\\prv-tests\\src\\app\\app.component.ts","statementMap":{"0":{"start":{"line":1,"column":0},"end":{"line":1,"column":54}},"1":{"start":{"line":3,"column":0},"end":{"line":3,"column":42}},"2":{"start":{"line":4,"column":0},"end":{"line":4,"column":91}},"3":{"start":{"line":15,"column":22},"end":{"line":15,"column":34}},"4":{"start":{"line":16,"column":4},"end":{"line":16,"column":67}},"5":{"start":{"line":20,"column":4},"end":{"line":20,"column":44}},"6":{"start":{"line":26,"column":4},"end":{"line":26,"column":44}},"7":{"start":{"line":11,"column":13},"end":{"line":28,"column":null}},"8":{"start":{"line":11,"column":13},"end":{"line":11,"column":25}}},"fnMap":{"0":{"name":"(anonymous_0)","decl":{"start":{"line":15,"column":2},"end":{"line":15,"column":22}},"loc":{"start":{"line":15,"column":34},"end":{"line":17,"column":3}}},"1":{"name":"(anonymous_1)","decl":{"start":{"line":19,"column":2},"end":{"line":19,"column":10}},"loc":{"start":{"line":19,"column":10},"end":{"line":22,"column":3}}},"2":{"name":"(anonymous_2)","decl":{"start":{"line":25,"column":2},"end":{"line":25,"column":16}},"loc":{"start":{"line":25,"column":16},"end":{"line":27,"column":3}}}},"branchMap":{},"s":{"0":3,"1":3,"2":3,"3":3,"4":3,"5":1,"6":0,"7":3,"8":3},"f":{"0":3,"1":1,"2":0},"b":{}}
,"C:\\Users\\ezequ\\Documentos\\Dev\\Angular\\Test\\prv-tests\\src\\app\\app.module.ts": {"path":"C:\\Users\\ezequ\\Documentos\\Dev\\Angular\\Test\\prv-tests\\src\\app\\app.module.ts","statementMap":{"0":{"start":{"line":1,"column":0},"end":{"line":1,"column":50}},"1":{"start":{"line":2,"column":0},"end":{"line":2,"column":56}},"2":{"start":{"line":3,"column":0},"end":{"line":3,"column":77}},"3":{"start":{"line":4,"column":0},"end":{"line":4,"column":54}},"4":{"start":{"line":6,"column":0},"end":{"line":6,"column":54}},"5":{"start":{"line":7,"column":0},"end":{"line":7,"column":44}},"6":{"start":{"line":8,"column":0},"end":{"line":8,"column":40}},"7":{"start":{"line":9,"column":0},"end":{"line":9,"column":57}},"8":{"start":{"line":10,"column":0},"end":{"line":10,"column":45}},"9":{"start":{"line":11,"column":0},"end":{"line":11,"column":96}},"10":{"start":{"line":12,"column":0},"end":{"line":12,"column":73}},"11":{"start":{"line":13,"column":0},"end":{"line":13,"column":80}},"12":{"start":{"line":14,"column":0},"end":{"line":14,"column":70}},"13":{"start":{"line":15,"column":0},"end":{"line":15,"column":87}},"14":{"start":{"line":16,"column":0},"end":{"line":16,"column":81}},"15":{"start":{"line":17,"column":0},"end":{"line":17,"column":83}},"16":{"start":{"line":18,"column":0},"end":{"line":18,"column":87}},"17":{"start":{"line":19,"column":0},"end":{"line":19,"column":98}},"18":{"start":{"line":20,"column":0},"end":{"line":20,"column":76}},"19":{"start":{"line":21,"column":0},"end":{"line":21,"column":40}},"20":{"start":{"line":22,"column":0},"end":{"line":22,"column":70}},"21":{"start":{"line":23,"column":0},"end":{"line":23,"column":85}},"22":{"start":{"line":24,"column":0},"end":{"line":24,"column":81}},"23":{"start":{"line":25,"column":0},"end":{"line":25,"column":40}},"24":{"start":{"line":26,"column":0},"end":{"line":26,"column":67}},"25":{"start":{"line":27,"column":0},"end":{"line":27,"column":78}},"26":{"start":{"line":30,"column":2},"end":{"line":30,"column":30}},"27":{"start":{"line":29,"column":0},"end":{"line":29,"column":16}},"28":{"start":{"line":58,"column":7},"end":{"line":59,"column":null}},"29":{"start":{"line":58,"column":13},"end":{"line":59,"column":null}},"30":{"start":{"line":58,"column":13},"end":{"line":58,"column":22}}},"fnMap":{"0":{"name":"playerFactory","decl":{"start":{"line":29,"column":16},"end":{"line":29,"column":29}},"loc":{"start":{"line":29,"column":29},"end":{"line":31,"column":1}}},"1":{"name":"(anonymous_1)","decl":{"start":{"line":30,"column":2},"end":{"line":30,"column":16}},"loc":{"start":{"line":30,"column":2},"end":{"line":30,"column":30}}}},"branchMap":{},"s":{"0":2,"1":2,"2":2,"3":2,"4":2,"5":2,"6":2,"7":2,"8":2,"9":2,"10":2,"11":2,"12":2,"13":2,"14":2,"15":2,"16":2,"17":2,"18":2,"19":2,"20":2,"21":2,"22":2,"23":2,"24":2,"25":2,"26":28,"27":2,"28":2,"29":2,"30":2},"f":{"0":14,"1":14},"b":{}}
,"C:\\Users\\ezequ\\Documentos\\Dev\\Angular\\Test\\prv-tests\\src\\app\\pages\\wallet\\pages\\auth\\components\\register\\components\\login\\components\\login.component.html": {"path":"C:\\Users\\ezequ\\Documentos\\Dev\\Angular\\Test\\prv-tests\\src\\app\\pages\\wallet\\pages\\auth\\components\\register\\components\\login\\components\\login.component.html","statementMap":{"0":{"start":{"line":1,"column":0},"end":{"line":1,"column":3915}}},"fnMap":{},"branchMap":{},"s":{"0":1},"f":{},"b":{},"_coverageSchema":"1a1c01bbd47fc00a2c39e90264f33305004495a9","hash":"7f69b6e88602b85f93bc3ffd6f231863e78637b7"}
,"C:\\Users\\ezequ\\Documentos\\Dev\\Angular\\Test\\prv-tests\\src\\app\\pages\\wallet\\pages\\auth\\components\\register\\components\\login\\components\\login.component.ts": {"path":"C:\\Users\\ezequ\\Documentos\\Dev\\Angular\\Test\\prv-tests\\src\\app\\pages\\wallet\\pages\\auth\\components\\register\\components\\login\\components\\login.component.ts","statementMap":{"0":{"start":{"line":1,"column":0},"end":{"line":1,"column":50}},"1":{"start":{"line":2,"column":0},"end":{"line":2,"column":68}},"2":{"start":{"line":3,"column":0},"end":{"line":3,"column":44}},"3":{"start":{"line":4,"column":0},"end":{"line":4,"column":null}},"4":{"start":{"line":13,"column":0},"end":{"line":13,"column":73}},"5":{"start":{"line":14,"column":0},"end":{"line":14,"column":null}},"6":{"start":{"line":19,"column":0},"end":{"line":19,"column":73}},"7":{"start":{"line":40,"column":22},"end":{"line":40,"column":37}},"8":{"start":{"line":40,"column":47},"end":{"line":40,"column":59}},"9":{"start":{"line":36,"column":2},"end":{"line":38,"column":4}},"10":{"start":{"line":41,"column":4},"end":{"line":41,"column":40}},"11":{"start":{"line":45,"column":4},"end":{"line":45,"column":31}},"12":{"start":{"line":46,"column":4},"end":{"line":46,"column":28}},"13":{"start":{"line":50,"column":4},"end":{"line":56,"column":7}},"14":{"start":{"line":60,"column":4},"end":{"line":60,"column":71}},"15":{"start":{"line":61,"column":4},"end":{"line":61,"column":73}},"16":{"start":{"line":65,"column":4},"end":{"line":68,"column":null}},"17":{"start":{"line":66,"column":45},"end":{"line":66,"column":65}},"18":{"start":{"line":67,"column":6},"end":{"line":67,"column":52}},"19":{"start":{"line":31,"column":13},"end":{"line":72,"column":null}},"20":{"start":{"line":31,"column":13},"end":{"line":31,"column":27}}},"fnMap":{"0":{"name":"(anonymous_0)","decl":{"start":{"line":40,"column":2},"end":{"line":40,"column":22}},"loc":{"start":{"line":40,"column":59},"end":{"line":42,"column":3}}},"1":{"name":"(anonymous_1)","decl":{"start":{"line":44,"column":2},"end":{"line":44,"column":10}},"loc":{"start":{"line":44,"column":10},"end":{"line":47,"column":3}}},"2":{"name":"(anonymous_2)","decl":{"start":{"line":49,"column":2},"end":{"line":49,"column":21}},"loc":{"start":{"line":49,"column":21},"end":{"line":57,"column":3}}},"3":{"name":"(anonymous_3)","decl":{"start":{"line":59,"column":10},"end":{"line":59,"column":26}},"loc":{"start":{"line":59,"column":26},"end":{"line":62,"column":3}}},"4":{"name":"(anonymous_4)","decl":{"start":{"line":64,"column":2},"end":{"line":64,"column":10}},"loc":{"start":{"line":64,"column":10},"end":{"line":69,"column":3}}}},"branchMap":{"0":{"loc":{"start":{"line":65,"column":4},"end":{"line":68,"column":null}},"type":"if","locations":[{"start":{"line":65,"column":4},"end":{"line":68,"column":null}}]}},"s":{"0":1,"1":1,"2":1,"3":1,"4":1,"5":1,"6":1,"7":8,"8":8,"9":8,"10":8,"11":8,"12":8,"13":8,"14":8,"15":8,"16":2,"17":1,"18":1,"19":1,"20":1},"f":{"0":8,"1":8,"2":8,"3":8,"4":2},"b":{"0":[1]}}
,"C:\\Users\\ezequ\\Documentos\\Dev\\Angular\\Test\\prv-tests\\src\\app\\pages\\wallet\\pages\\auth\\components\\register\\components\\register\\components\\register.component.html": {"path":"C:\\Users\\ezequ\\Documentos\\Dev\\Angular\\Test\\prv-tests\\src\\app\\pages\\wallet\\pages\\auth\\components\\register\\components\\register\\components\\register.component.html","statementMap":{"0":{"start":{"line":1,"column":0},"end":{"line":1,"column":6465}}},"fnMap":{},"branchMap":{},"s":{"0":1},"f":{},"b":{},"_coverageSchema":"1a1c01bbd47fc00a2c39e90264f33305004495a9","hash":"feb5ab5325bf4ec9d22c705b22245f25fc6392d8"}
,"C:\\Users\\ezequ\\Documentos\\Dev\\Angular\\Test\\prv-tests\\src\\app\\pages\\wallet\\pages\\auth\\components\\register\\components\\register\\components\\register.component.ts": {"path":"C:\\Users\\ezequ\\Documentos\\Dev\\Angular\\Test\\prv-tests\\src\\app\\pages\\wallet\\pages\\auth\\components\\register\\components\\register\\components\\register.component.ts","statementMap":{"0":{"start":{"line":1,"column":0},"end":{"line":1,"column":48}},"1":{"start":{"line":2,"column":0},"end":{"line":2,"column":66}},"2":{"start":{"line":4,"column":0},"end":{"line":4,"column":42}},"3":{"start":{"line":5,"column":0},"end":{"line":5,"column":76}},"4":{"start":{"line":8,"column":0},"end":{"line":8,"column":113}},"5":{"start":{"line":9,"column":0},"end":{"line":9,"column":113}},"6":{"start":{"line":12,"column":0},"end":{"line":12,"column":51}},"7":{"start":{"line":13,"column":0},"end":{"line":13,"column":104}},"8":{"start":{"line":33,"column":22},"end":{"line":33,"column":37}},"9":{"start":{"line":33,"column":47},"end":{"line":33,"column":59}},"10":{"start":{"line":33,"column":67},"end":{"line":33,"column":84}},"11":{"start":{"line":30,"column":2},"end":{"line":32,"column":4}},"12":{"start":{"line":37,"column":4},"end":{"line":37,"column":31}},"13":{"start":{"line":38,"column":4},"end":{"line":38,"column":26}},"14":{"start":{"line":42,"column":4},"end":{"line":65,"column":7}},"15":{"start":{"line":69,"column":4},"end":{"line":69,"column":71}},"16":{"start":{"line":70,"column":4},"end":{"line":70,"column":81}},"17":{"start":{"line":74,"column":22},"end":{"line":74,"column":69}},"18":{"start":{"line":76,"column":4},"end":{"line":82,"column":7}},"19":{"start":{"line":77,"column":6},"end":{"line":77,"column":35}},"20":{"start":{"line":78,"column":6},"end":{"line":81,"column":null}},"21":{"start":{"line":79,"column":50},"end":{"line":79,"column":73}},"22":{"start":{"line":80,"column":8},"end":{"line":80,"column":55}},"23":{"start":{"line":87,"column":4},"end":{"line":89,"column":null}},"24":{"start":{"line":88,"column":6},"end":{"line":88,"column":24}},"25":{"start":{"line":25,"column":13},"end":{"line":91,"column":null}},"26":{"start":{"line":25,"column":13},"end":{"line":25,"column":30}}},"fnMap":{"0":{"name":"(anonymous_0)","decl":{"start":{"line":33,"column":2},"end":{"line":33,"column":22}},"loc":{"start":{"line":33,"column":84},"end":{"line":34,"column":3}}},"1":{"name":"(anonymous_1)","decl":{"start":{"line":36,"column":2},"end":{"line":36,"column":10}},"loc":{"start":{"line":36,"column":10},"end":{"line":39,"column":3}}},"2":{"name":"(anonymous_2)","decl":{"start":{"line":41,"column":2},"end":{"line":41,"column":21}},"loc":{"start":{"line":41,"column":21},"end":{"line":66,"column":3}}},"3":{"name":"(anonymous_3)","decl":{"start":{"line":68,"column":10},"end":{"line":68,"column":24}},"loc":{"start":{"line":68,"column":24},"end":{"line":71,"column":3}}},"4":{"name":"(anonymous_4)","decl":{"start":{"line":73,"column":2},"end":{"line":73,"column":12}},"loc":{"start":{"line":73,"column":12},"end":{"line":83,"column":3}}},"5":{"name":"(anonymous_5)","decl":{"start":{"line":76,"column":38},"end":{"line":76,"column":44}},"loc":{"start":{"line":76,"column":47},"end":{"line":82,"column":5}}},"6":{"name":"(anonymous_6)","decl":{"start":{"line":86,"column":2},"end":{"line":86,"column":10}},"loc":{"start":{"line":86,"column":10},"end":{"line":90,"column":3}}}},"branchMap":{"0":{"loc":{"start":{"line":78,"column":6},"end":{"line":81,"column":null}},"type":"if","locations":[{"start":{"line":78,"column":6},"end":{"line":81,"column":null}}]},"1":{"loc":{"start":{"line":87,"column":4},"end":{"line":89,"column":null}},"type":"if","locations":[{"start":{"line":87,"column":4},"end":{"line":89,"column":null}}]}},"s":{"0":1,"1":1,"2":1,"3":1,"4":1,"5":1,"6":1,"7":1,"8":6,"9":6,"10":6,"11":6,"12":5,"13":5,"14":5,"15":5,"16":5,"17":2,"18":2,"19":2,"20":2,"21":0,"22":0,"23":3,"24":2,"25":1,"26":1},"f":{"0":6,"1":5,"2":5,"3":5,"4":2,"5":2,"6":3},"b":{"0":[0],"1":[2]}}
,"C:\\Users\\ezequ\\Documentos\\Dev\\Angular\\Test\\prv-tests\\src\\app\\pages\\wallet\\pages\\auth\\components\\register\\components\\register\\components\\terms-conditions-modal\\terms-conditions-modal.component.html": {"path":"C:\\Users\\ezequ\\Documentos\\Dev\\Angular\\Test\\prv-tests\\src\\app\\pages\\wallet\\pages\\auth\\components\\register\\components\\register\\components\\terms-conditions-modal\\terms-conditions-modal.component.html","statementMap":{"0":{"start":{"line":1,"column":0},"end":{"line":1,"column":2359}}},"fnMap":{},"branchMap":{},"s":{"0":2},"f":{},"b":{},"_coverageSchema":"1a1c01bbd47fc00a2c39e90264f33305004495a9","hash":"f87966a079fd9a31f65f8cc06bb0878b274ee329"}
,"C:\\Users\\ezequ\\Documentos\\Dev\\Angular\\Test\\prv-tests\\src\\app\\pages\\wallet\\pages\\auth\\components\\register\\components\\register\\components\\terms-conditions-modal\\terms-conditions-modal.component.ts": {"path":"C:\\Users\\ezequ\\Documentos\\Dev\\Angular\\Test\\prv-tests\\src\\app\\pages\\wallet\\pages\\auth\\components\\register\\components\\register\\components\\terms-conditions-modal\\terms-conditions-modal.component.ts","statementMap":{"0":{"start":{"line":1,"column":0},"end":{"line":1,"column":40}},"1":{"start":{"line":8,"column":7},"end":{"line":9,"column":null}},"2":{"start":{"line":8,"column":13},"end":{"line":9,"column":null}},"3":{"start":{"line":8,"column":13},"end":{"line":8,"column":42}}},"fnMap":{},"branchMap":{},"s":{"0":2,"1":2,"2":2,"3":2},"f":{},"b":{}}
,"C:\\Users\\ezequ\\Documentos\\Dev\\Angular\\Test\\prv-tests\\src\\app\\pages\\wallet\\pages\\auth\\guards\\auth.guard.ts": {"path":"C:\\Users\\ezequ\\Documentos\\Dev\\Angular\\Test\\prv-tests\\src\\app\\pages\\wallet\\pages\\auth\\guards\\auth.guard.ts","statementMap":{"0":{"start":{"line":1,"column":0},"end":{"line":1,"column":43}},"1":{"start":{"line":2,"column":0},"end":{"line":2,"column":54}},"2":{"start":{"line":3,"column":0},"end":{"line":3,"column":36}},"3":{"start":{"line":4,"column":0},"end":{"line":4,"column":47}},"4":{"start":{"line":6,"column":0},"end":{"line":6,"column":71}},"5":{"start":{"line":15,"column":22},"end":{"line":15,"column":34}},"6":{"start":{"line":15,"column":44},"end":{"line":15,"column":58}},"7":{"start":{"line":16,"column":4},"end":{"line":16,"column":63}},"8":{"start":{"line":20,"column":4},"end":{"line":27,"column":19}},"9":{"start":{"line":22,"column":32},"end":{"line":22,"column":52}},"10":{"start":{"line":24,"column":10},"end":{"line":24,"column":41}},"11":{"start":{"line":28,"column":4},"end":{"line":31,"column":null}},"12":{"start":{"line":29,"column":6},"end":{"line":29,"column":47}},"13":{"start":{"line":30,"column":6},"end":{"line":30,"column":19}},"14":{"start":{"line":32,"column":4},"end":{"line":32,"column":16}},"15":{"start":{"line":11,"column":13},"end":{"line":34,"column":null}},"16":{"start":{"line":11,"column":13},"end":{"line":11,"column":22}}},"fnMap":{"0":{"name":"(anonymous_0)","decl":{"start":{"line":15,"column":2},"end":{"line":15,"column":22}},"loc":{"start":{"line":15,"column":58},"end":{"line":17,"column":3}}},"1":{"name":"(anonymous_1)","decl":{"start":{"line":19,"column":2},"end":{"line":19,"column":13}},"loc":{"start":{"line":19,"column":13},"end":{"line":33,"column":3}}},"2":{"name":"(anonymous_2)","decl":{"start":{"line":22,"column":15},"end":{"line":22,"column":16}},"loc":{"start":{"line":22,"column":32},"end":{"line":22,"column":52}}},"3":{"name":"(anonymous_3)","decl":{"start":{"line":23,"column":12},"end":{"line":23,"column":13}},"loc":{"start":{"line":23,"column":57},"end":{"line":25,"column":9}}}},"branchMap":{"0":{"loc":{"start":{"line":28,"column":4},"end":{"line":31,"column":null}},"type":"if","locations":[{"start":{"line":28,"column":4},"end":{"line":31,"column":null}}]}},"s":{"0":3,"1":3,"2":3,"3":3,"4":3,"5":1,"6":1,"7":1,"8":0,"9":0,"10":0,"11":0,"12":0,"13":0,"14":0,"15":3,"16":3},"f":{"0":1,"1":0,"2":0,"3":0},"b":{"0":[0]}}
,"C:\\Users\\ezequ\\Documentos\\Dev\\Angular\\Test\\prv-tests\\src\\app\\pages\\wallet\\pages\\auth\\interceptors\\auth.interceptor.ts": {"path":"C:\\Users\\ezequ\\Documentos\\Dev\\Angular\\Test\\prv-tests\\src\\app\\pages\\wallet\\pages\\auth\\interceptors\\auth.interceptor.ts","statementMap":{"0":{"start":{"line":1,"column":0},"end":{"line":1,"column":null}},"1":{"start":{"line":8,"column":0},"end":{"line":8,"column":43}},"2":{"start":{"line":10,"column":0},"end":{"line":10,"column":88}},"3":{"start":{"line":14,"column":22},"end":{"line":14,"column":60}},"4":{"start":{"line":20,"column":21},"end":{"line":20,"column":28}},"5":{"start":{"line":21,"column":16},"end":{"line":21,"column":58}},"6":{"start":{"line":23,"column":4},"end":{"line":29,"column":null}},"7":{"start":{"line":24,"column":6},"end":{"line":28,"column":9}},"8":{"start":{"line":30,"column":4},"end":{"line":30,"column":35}},"9":{"start":{"line":13,"column":13},"end":{"line":32,"column":null}},"10":{"start":{"line":13,"column":13},"end":{"line":13,"column":28}},"11":{"start":{"line":34,"column":13},"end":{"line":40,"column":2}}},"fnMap":{"0":{"name":"(anonymous_0)","decl":{"start":{"line":14,"column":2},"end":{"line":14,"column":22}},"loc":{"start":{"line":14,"column":60},"end":{"line":14,"column":64}}},"1":{"name":"(anonymous_1)","decl":{"start":{"line":16,"column":2},"end":{"line":16,"column":11}},"loc":{"start":{"line":18,"column":21},"end":{"line":31,"column":3}}}},"branchMap":{"0":{"loc":{"start":{"line":23,"column":4},"end":{"line":29,"column":null}},"type":"if","locations":[{"start":{"line":23,"column":4},"end":{"line":29,"column":null}}]}},"s":{"0":2,"1":2,"2":2,"3":0,"4":0,"5":0,"6":0,"7":0,"8":0,"9":2,"10":2,"11":2},"f":{"0":0,"1":0},"b":{"0":[0]}}
,"C:\\Users\\ezequ\\Documentos\\Dev\\Angular\\Test\\prv-tests\\src\\app\\pages\\wallet\\pages\\auth\\services\\auth.service.ts": {"path":"C:\\Users\\ezequ\\Documentos\\Dev\\Angular\\Test\\prv-tests\\src\\app\\pages\\wallet\\pages\\auth\\services\\auth.service.ts","statementMap":{"0":{"start":{"line":1,"column":0},"end":{"line":1,"column":43}},"1":{"start":{"line":2,"column":0},"end":{"line":2,"column":50}},"2":{"start":{"line":4,"column":0},"end":{"line":4,"column":39}},"3":{"start":{"line":6,"column":0},"end":{"line":6,"column":73}},"4":{"start":{"line":13,"column":22},"end":{"line":13,"column":38}},"5":{"start":{"line":16,"column":16},"end":{"line":16,"column":60}},"6":{"start":{"line":17,"column":4},"end":{"line":19,"column":63}},"7":{"start":{"line":19,"column":52},"end":{"line":19,"column":60}},"8":{"start":{"line":23,"column":16},"end":{"line":23,"column":64}},"9":{"start":{"line":24,"column":4},"end":{"line":26,"column":63}},"10":{"start":{"line":26,"column":52},"end":{"line":26,"column":60}},"11":{"start":{"line":30,"column":16},"end":{"line":30,"column":67}},"12":{"start":{"line":31,"column":4},"end":{"line":32,"column":67}},"13":{"start":{"line":32,"column":56},"end":{"line":32,"column":64}},"14":{"start":{"line":36,"column":16},"end":{"line":36,"column":67}},"15":{"start":{"line":37,"column":4},"end":{"line":38,"column":67}},"16":{"start":{"line":38,"column":56},"end":{"line":38,"column":64}},"17":{"start":{"line":41,"column":16},"end":{"line":41,"column":58}},"18":{"start":{"line":42,"column":4},"end":{"line":43,"column":100}},"19":{"start":{"line":43,"column":89},"end":{"line":43,"column":97}},"20":{"start":{"line":12,"column":13},"end":{"line":45,"column":null}},"21":{"start":{"line":12,"column":13},"end":{"line":12,"column":24}}},"fnMap":{"0":{"name":"(anonymous_0)","decl":{"start":{"line":13,"column":2},"end":{"line":13,"column":22}},"loc":{"start":{"line":13,"column":38},"end":{"line":13,"column":42}}},"1":{"name":"(anonymous_1)","decl":{"start":{"line":15,"column":2},"end":{"line":15,"column":10}},"loc":{"start":{"line":15,"column":41},"end":{"line":20,"column":3}}},"2":{"name":"(anonymous_2)","decl":{"start":{"line":19,"column":16},"end":{"line":19,"column":17}},"loc":{"start":{"line":19,"column":52},"end":{"line":19,"column":60}}},"3":{"name":"(anonymous_3)","decl":{"start":{"line":22,"column":2},"end":{"line":22,"column":7}},"loc":{"start":{"line":22,"column":35},"end":{"line":27,"column":3}}},"4":{"name":"(anonymous_4)","decl":{"start":{"line":26,"column":16},"end":{"line":26,"column":17}},"loc":{"start":{"line":26,"column":52},"end":{"line":26,"column":60}}},"5":{"name":"(anonymous_5)","decl":{"start":{"line":29,"column":2},"end":{"line":29,"column":16}},"loc":{"start":{"line":29,"column":53},"end":{"line":33,"column":3}}},"6":{"name":"(anonymous_6)","decl":{"start":{"line":32,"column":37},"end":{"line":32,"column":38}},"loc":{"start":{"line":32,"column":56},"end":{"line":32,"column":64}}},"7":{"name":"(anonymous_7)","decl":{"start":{"line":35,"column":2},"end":{"line":35,"column":15}},"loc":{"start":{"line":35,"column":51},"end":{"line":39,"column":3}}},"8":{"name":"(anonymous_8)","decl":{"start":{"line":38,"column":37},"end":{"line":38,"column":38}},"loc":{"start":{"line":38,"column":56},"end":{"line":38,"column":64}}},"9":{"name":"(anonymous_9)","decl":{"start":{"line":40,"column":2},"end":{"line":40,"column":15}},"loc":{"start":{"line":40,"column":46},"end":{"line":44,"column":3}}},"10":{"name":"(anonymous_10)","decl":{"start":{"line":43,"column":53},"end":{"line":43,"column":54}},"loc":{"start":{"line":43,"column":89},"end":{"line":43,"column":97}}}},"branchMap":{},"s":{"0":4,"1":4,"2":4,"3":4,"4":20,"5":2,"6":2,"7":1,"8":3,"9":3,"10":1,"11":2,"12":2,"13":1,"14":2,"15":2,"16":1,"17":2,"18":2,"19":1,"20":4,"21":4},"f":{"0":20,"1":2,"2":1,"3":3,"4":1,"5":2,"6":1,"7":2,"8":1,"9":2,"10":1},"b":{}}
,"C:\\Users\\ezequ\\Documentos\\Dev\\Angular\\Test\\prv-tests\\src\\app\\pages\\wallet\\pages\\auth\\store\\actionTypes.ts": {"path":"C:\\Users\\ezequ\\Documentos\\Dev\\Angular\\Test\\prv-tests\\src\\app\\pages\\wallet\\pages\\auth\\store\\actionTypes.ts","statementMap":{"0":{"start":{"line":1,"column":0},"end":{"line":1,"column":null}},"1":{"start":{"line":2,"column":2},"end":{"line":2,"column":null}},"2":{"start":{"line":3,"column":2},"end":{"line":3,"column":null}},"3":{"start":{"line":4,"column":2},"end":{"line":4,"column":null}},"4":{"start":{"line":5,"column":2},"end":{"line":5,"column":null}},"5":{"start":{"line":6,"column":2},"end":{"line":6,"column":null}},"6":{"start":{"line":7,"column":2},"end":{"line":7,"column":null}},"7":{"start":{"line":8,"column":2},"end":{"line":8,"column":null}},"8":{"start":{"line":9,"column":2},"end":{"line":9,"column":null}},"9":{"start":{"line":10,"column":2},"end":{"line":10,"column":null}},"10":{"start":{"line":11,"column":2},"end":{"line":11,"column":null}},"11":{"start":{"line":12,"column":2},"end":{"line":12,"column":null}},"12":{"start":{"line":13,"column":2},"end":{"line":13,"column":null}},"13":{"start":{"line":14,"column":2},"end":{"line":14,"column":null}},"14":{"start":{"line":15,"column":2},"end":{"line":15,"column":null}},"15":{"start":{"line":16,"column":2},"end":{"line":16,"column":null}},"16":{"start":{"line":17,"column":2},"end":{"line":17,"column":null}},"17":{"start":{"line":18,"column":2},"end":{"line":18,"column":null}},"18":{"start":{"line":19,"column":2},"end":{"line":19,"column":null}}},"fnMap":{"0":{"name":"(anonymous_0)","decl":{"start":{"line":1,"column":0},"end":{"line":1,"column":12}},"loc":{"start":{"line":1,"column":23},"end":{"line":20,"column":1}}}},"branchMap":{"0":{"loc":{"start":{"line":1,"column":12},"end":{"line":1,"column":null}},"type":"binary-expr","locations":[{"start":{"line":1,"column":12},"end":{"line":1,"column":23}},{"start":{"line":1,"column":12},"end":{"line":1,"column":null}}]}},"s":{"0":7,"1":7,"2":7,"3":7,"4":7,"5":7,"6":7,"7":7,"8":7,"9":7,"10":7,"11":7,"12":7,"13":7,"14":7,"15":7,"16":7,"17":7,"18":7},"f":{"0":7},"b":{"0":[7,7]}}
,"C:\\Users\\ezequ\\Documentos\\Dev\\Angular\\Test\\prv-tests\\src\\app\\pages\\wallet\\pages\\auth\\store\\actions\\login.actions.ts": {"path":"C:\\Users\\ezequ\\Documentos\\Dev\\Angular\\Test\\prv-tests\\src\\app\\pages\\wallet\\pages\\auth\\store\\actions\\login.actions.ts","statementMap":{"0":{"start":{"line":1,"column":0},"end":{"line":1,"column":50}},"1":{"start":{"line":5,"column":0},"end":{"line":5,"column":45}},"2":{"start":{"line":7,"column":13},"end":{"line":10,"column":2}},"3":{"start":{"line":12,"column":13},"end":{"line":15,"column":2}},"4":{"start":{"line":17,"column":13},"end":{"line":20,"column":2}}},"fnMap":{},"branchMap":{},"s":{"0":7,"1":7,"2":7,"3":7,"4":7},"f":{},"b":{}}
,"C:\\Users\\ezequ\\Documentos\\Dev\\Angular\\Test\\prv-tests\\src\\app\\pages\\wallet\\pages\\auth\\store\\actions\\logout.actions.ts": {"path":"C:\\Users\\ezequ\\Documentos\\Dev\\Angular\\Test\\prv-tests\\src\\app\\pages\\wallet\\pages\\auth\\store\\actions\\logout.actions.ts","statementMap":{"0":{"start":{"line":1,"column":0},"end":{"line":1,"column":41}},"1":{"start":{"line":2,"column":0},"end":{"line":2,"column":43}},"2":{"start":{"line":4,"column":13},"end":{"line":6,"column":null}},"3":{"start":{"line":8,"column":13},"end":{"line":10,"column":null}}},"fnMap":{},"branchMap":{},"s":{"0":7,"1":7,"2":7,"3":7},"f":{},"b":{}}
,"C:\\Users\\ezequ\\Documentos\\Dev\\Angular\\Test\\prv-tests\\src\\app\\pages\\wallet\\pages\\auth\\store\\actions\\password-forgot.actions.ts": {"path":"C:\\Users\\ezequ\\Documentos\\Dev\\Angular\\Test\\prv-tests\\src\\app\\pages\\wallet\\pages\\auth\\store\\actions\\password-forgot.actions.ts","statementMap":{"0":{"start":{"line":1,"column":0},"end":{"line":1,"column":48}},"1":{"start":{"line":2,"column":0},"end":{"line":2,"column":43}},"2":{"start":{"line":8,"column":13},"end":{"line":11,"column":null}},"3":{"start":{"line":13,"column":13},"end":{"line":16,"column":null}},"4":{"start":{"line":18,"column":13},"end":{"line":21,"column":null}}},"fnMap":{},"branchMap":{},"s":{"0":7,"1":7,"2":7,"3":7,"4":7},"f":{},"b":{}}
,"C:\\Users\\ezequ\\Documentos\\Dev\\Angular\\Test\\prv-tests\\src\\app\\pages\\wallet\\pages\\auth\\store\\actions\\password-reset.actions.ts": {"path":"C:\\Users\\ezequ\\Documentos\\Dev\\Angular\\Test\\prv-tests\\src\\app\\pages\\wallet\\pages\\auth\\store\\actions\\password-reset.actions.ts","statementMap":{"0":{"start":{"line":1,"column":0},"end":{"line":1,"column":48}},"1":{"start":{"line":2,"column":0},"end":{"line":2,"column":43}},"2":{"start":{"line":7,"column":13},"end":{"line":10,"column":null}},"3":{"start":{"line":12,"column":13},"end":{"line":15,"column":null}},"4":{"start":{"line":17,"column":13},"end":{"line":20,"column":null}}},"fnMap":{},"branchMap":{},"s":{"0":7,"1":7,"2":7,"3":7,"4":7},"f":{},"b":{}}
,"C:\\Users\\ezequ\\Documentos\\Dev\\Angular\\Test\\prv-tests\\src\\app\\pages\\wallet\\pages\\auth\\store\\actions\\register.action.ts": {"path":"C:\\Users\\ezequ\\Documentos\\Dev\\Angular\\Test\\prv-tests\\src\\app\\pages\\wallet\\pages\\auth\\store\\actions\\register.action.ts","statementMap":{"0":{"start":{"line":1,"column":0},"end":{"line":1,"column":48}},"1":{"start":{"line":2,"column":0},"end":{"line":2,"column":43}},"2":{"start":{"line":8,"column":13},"end":{"line":11,"column":null}},"3":{"start":{"line":13,"column":13},"end":{"line":16,"column":null}},"4":{"start":{"line":18,"column":13},"end":{"line":21,"column":2}}},"fnMap":{},"branchMap":{},"s":{"0":7,"1":7,"2":7,"3":7,"4":7},"f":{},"b":{}}
,"C:\\Users\\ezequ\\Documentos\\Dev\\Angular\\Test\\prv-tests\\src\\app\\pages\\wallet\\pages\\auth\\store\\actions\\update-profile.action.ts": {"path":"C:\\Users\\ezequ\\Documentos\\Dev\\Angular\\Test\\prv-tests\\src\\app\\pages\\wallet\\pages\\auth\\store\\actions\\update-profile.action.ts","statementMap":{"0":{"start":{"line":1,"column":0},"end":{"line":1,"column":48}},"1":{"start":{"line":2,"column":0},"end":{"line":2,"column":43}},"2":{"start":{"line":6,"column":13},"end":{"line":9,"column":null}},"3":{"start":{"line":11,"column":13},"end":{"line":14,"column":null}}},"fnMap":{},"branchMap":{},"s":{"0":7,"1":7,"2":7,"3":7},"f":{},"b":{}}
,"C:\\Users\\ezequ\\Documentos\\Dev\\Angular\\Test\\prv-tests\\src\\app\\pages\\wallet\\pages\\auth\\store\\effects\\login.effect.ts": {"path":"C:\\Users\\ezequ\\Documentos\\Dev\\Angular\\Test\\prv-tests\\src\\app\\pages\\wallet\\pages\\auth\\store\\effects\\login.effect.ts","statementMap":{"0":{"start":{"line":2,"column":0},"end":{"line":2,"column":43}},"1":{"start":{"line":3,"column":0},"end":{"line":3,"column":41}},"2":{"start":{"line":4,"column":0},"end":{"line":4,"column":62}},"3":{"start":{"line":5,"column":0},"end":{"line":5,"column":59}},"4":{"start":{"line":6,"column":0},"end":{"line":6,"column":91}},"5":{"start":{"line":8,"column":0},"end":{"line":8,"column":58}},"6":{"start":{"line":9,"column":0},"end":{"line":9,"column":null}},"7":{"start":{"line":48,"column":12},"end":{"line":48,"column":29}},"8":{"start":{"line":49,"column":12},"end":{"line":49,"column":36}},"9":{"start":{"line":50,"column":12},"end":{"line":50,"column":50}},"10":{"start":{"line":51,"column":12},"end":{"line":51,"column":26}},"11":{"start":{"line":17,"column":2},"end":{"line":34,"column":4}},"12":{"start":{"line":18,"column":4},"end":{"line":32,"column":null}},"13":{"start":{"line":21,"column":8},"end":{"line":31,"column":10}},"14":{"start":{"line":23,"column":12},"end":{"line":23,"column":74}},"15":{"start":{"line":24,"column":12},"end":{"line":24,"column":66}},"16":{"start":{"line":25,"column":12},"end":{"line":25,"column":60}},"17":{"start":{"line":26,"column":12},"end":{"line":26,"column":55}},"18":{"start":{"line":29,"column":12},"end":{"line":29,"column":75}},"19":{"start":{"line":36,"column":2},"end":{"line":45,"column":4}},"20":{"start":{"line":38,"column":6},"end":{"line":42,"column":null}},"21":{"start":{"line":41,"column":10},"end":{"line":41,"column":45}},"22":{"start":{"line":16,"column":13},"end":{"line":53,"column":null}},"23":{"start":{"line":16,"column":13},"end":{"line":16,"column":24}}},"fnMap":{"0":{"name":"(anonymous_0)","decl":{"start":{"line":47,"column":2},"end":{"line":47,"column":null}},"loc":{"start":{"line":51,"column":26},"end":{"line":52,"column":6}}},"1":{"name":"(anonymous_1)","decl":{"start":{"line":17,"column":24},"end":{"line":17,"column":27}},"loc":{"start":{"line":18,"column":4},"end":{"line":32,"column":null}}},"2":{"name":"(anonymous_2)","decl":{"start":{"line":20,"column":16},"end":{"line":20,"column":17}},"loc":{"start":{"line":20,"column":32},"end":{"line":32,"column":7}}},"3":{"name":"(anonymous_3)","decl":{"start":{"line":22,"column":14},"end":{"line":22,"column":15}},"loc":{"start":{"line":22,"column":52},"end":{"line":27,"column":11}}},"4":{"name":"(anonymous_4)","decl":{"start":{"line":28,"column":21},"end":{"line":28,"column":22}},"loc":{"start":{"line":28,"column":58},"end":{"line":30,"column":11}}},"5":{"name":"(anonymous_5)","decl":{"start":{"line":37,"column":4},"end":{"line":37,"column":7}},"loc":{"start":{"line":38,"column":6},"end":{"line":42,"column":null}}},"6":{"name":"(anonymous_6)","decl":{"start":{"line":40,"column":12},"end":{"line":40,"column":15}},"loc":{"start":{"line":40,"column":17},"end":{"line":42,"column":9}}}},"branchMap":{},"s":{"0":2,"1":2,"2":2,"3":2,"4":2,"5":2,"6":2,"7":8,"8":8,"9":8,"10":8,"11":8,"12":8,"13":1,"14":0,"15":0,"16":0,"17":0,"18":0,"19":8,"20":8,"21":0,"22":2,"23":2},"f":{"0":8,"1":8,"2":1,"3":0,"4":0,"5":8,"6":0},"b":{}}
,"C:\\Users\\ezequ\\Documentos\\Dev\\Angular\\Test\\prv-tests\\src\\app\\pages\\wallet\\pages\\auth\\store\\effects\\logout.effect.ts": {"path":"C:\\Users\\ezequ\\Documentos\\Dev\\Angular\\Test\\prv-tests\\src\\app\\pages\\wallet\\pages\\auth\\store\\effects\\logout.effect.ts","statementMap":{"0":{"start":{"line":1,"column":0},"end":{"line":1,"column":41}},"1":{"start":{"line":2,"column":0},"end":{"line":2,"column":60}},"2":{"start":{"line":3,"column":0},"end":{"line":3,"column":30}},"3":{"start":{"line":4,"column":0},"end":{"line":4,"column":89}},"4":{"start":{"line":5,"column":0},"end":{"line":5,"column":39}},"5":{"start":{"line":6,"column":0},"end":{"line":6,"column":76}},"6":{"start":{"line":32,"column":12},"end":{"line":32,"column":29}},"7":{"start":{"line":33,"column":12},"end":{"line":33,"column":50}},"8":{"start":{"line":34,"column":12},"end":{"line":34,"column":26}},"9":{"start":{"line":10,"column":2},"end":{"line":18,"column":4}},"10":{"start":{"line":11,"column":4},"end":{"line":16,"column":null}},"11":{"start":{"line":14,"column":8},"end":{"line":14,"column":null}},"12":{"start":{"line":15,"column":8},"end":{"line":15,"column":37}},"13":{"start":{"line":20,"column":2},"end":{"line":29,"column":4}},"14":{"start":{"line":22,"column":6},"end":{"line":26,"column":null}},"15":{"start":{"line":25,"column":10},"end":{"line":25,"column":51}},"16":{"start":{"line":9,"column":13},"end":{"line":37,"column":null}},"17":{"start":{"line":9,"column":13},"end":{"line":9,"column":25}}},"fnMap":{"0":{"name":"(anonymous_0)","decl":{"start":{"line":31,"column":2},"end":{"line":31,"column":null}},"loc":{"start":{"line":34,"column":26},"end":{"line":36,"column":3}}},"1":{"name":"(anonymous_1)","decl":{"start":{"line":10,"column":25},"end":{"line":10,"column":28}},"loc":{"start":{"line":11,"column":4},"end":{"line":16,"column":null}}},"2":{"name":"(anonymous_2)","decl":{"start":{"line":13,"column":10},"end":{"line":13,"column":13}},"loc":{"start":{"line":13,"column":15},"end":{"line":16,"column":7}}},"3":{"name":"(anonymous_3)","decl":{"start":{"line":21,"column":4},"end":{"line":21,"column":7}},"loc":{"start":{"line":22,"column":6},"end":{"line":26,"column":null}}},"4":{"name":"(anonymous_4)","decl":{"start":{"line":24,"column":12},"end":{"line":24,"column":15}},"loc":{"start":{"line":24,"column":17},"end":{"line":26,"column":9}}}},"branchMap":{},"s":{"0":5,"1":5,"2":5,"3":5,"4":5,"5":5,"6":21,"7":21,"8":21,"9":21,"10":21,"11":9,"12":9,"13":21,"14":21,"15":9,"16":5,"17":5},"f":{"0":21,"1":21,"2":9,"3":21,"4":9},"b":{}}
,"C:\\Users\\ezequ\\Documentos\\Dev\\Angular\\Test\\prv-tests\\src\\app\\pages\\wallet\\pages\\auth\\store\\effects\\register.effect.ts": {"path":"C:\\Users\\ezequ\\Documentos\\Dev\\Angular\\Test\\prv-tests\\src\\app\\pages\\wallet\\pages\\auth\\store\\effects\\register.effect.ts","statementMap":{"0":{"start":{"line":1,"column":0},"end":{"line":1,"column":41}},"1":{"start":{"line":2,"column":0},"end":{"line":2,"column":39}},"2":{"start":{"line":3,"column":0},"end":{"line":3,"column":60}},"3":{"start":{"line":4,"column":0},"end":{"line":4,"column":57}},"4":{"start":{"line":5,"column":0},"end":{"line":5,"column":89}},"5":{"start":{"line":7,"column":0},"end":{"line":7,"column":56}},"6":{"start":{"line":8,"column":0},"end":{"line":8,"column":105}},"7":{"start":{"line":10,"column":0},"end":{"line":10,"column":41}},"8":{"start":{"line":43,"column":4},"end":{"line":43,"column":94}},"9":{"start":{"line":46,"column":12},"end":{"line":46,"column":29}},"10":{"start":{"line":47,"column":12},"end":{"line":47,"column":36}},"11":{"start":{"line":48,"column":12},"end":{"line":48,"column":50}},"12":{"start":{"line":49,"column":12},"end":{"line":49,"column":26}},"13":{"start":{"line":50,"column":12},"end":{"line":50,"column":33}},"14":{"start":{"line":14,"column":2},"end":{"line":28,"column":4}},"15":{"start":{"line":15,"column":4},"end":{"line":26,"column":null}},"16":{"start":{"line":18,"column":8},"end":{"line":25,"column":10}},"17":{"start":{"line":20,"column":12},"end":{"line":20,"column":58}},"18":{"start":{"line":23,"column":12},"end":{"line":23,"column":78}},"19":{"start":{"line":30,"column":2},"end":{"line":40,"column":4}},"20":{"start":{"line":32,"column":6},"end":{"line":37,"column":null}},"21":{"start":{"line":35,"column":10},"end":{"line":35,"column":51}},"22":{"start":{"line":36,"column":8},"end":{"line":36,"column":27}},"23":{"start":{"line":13,"column":13},"end":{"line":52,"column":null}},"24":{"start":{"line":13,"column":13},"end":{"line":13,"column":27}}},"fnMap":{"0":{"name":"(anonymous_0)","decl":{"start":{"line":42,"column":2},"end":{"line":42,"column":13}},"loc":{"start":{"line":42,"column":13},"end":{"line":44,"column":3}}},"1":{"name":"(anonymous_1)","decl":{"start":{"line":45,"column":2},"end":{"line":45,"column":null}},"loc":{"start":{"line":50,"column":33},"end":{"line":51,"column":6}}},"2":{"name":"(anonymous_2)","decl":{"start":{"line":14,"column":27},"end":{"line":14,"column":30}},"loc":{"start":{"line":15,"column":4},"end":{"line":26,"column":null}}},"3":{"name":"(anonymous_3)","decl":{"start":{"line":17,"column":16},"end":{"line":17,"column":17}},"loc":{"start":{"line":17,"column":32},"end":{"line":26,"column":7}}},"4":{"name":"(anonymous_4)","decl":{"start":{"line":19,"column":14},"end":{"line":19,"column":15}},"loc":{"start":{"line":19,"column":52},"end":{"line":21,"column":11}}},"5":{"name":"(anonymous_5)","decl":{"start":{"line":22,"column":21},"end":{"line":22,"column":22}},"loc":{"start":{"line":22,"column":58},"end":{"line":24,"column":11}}},"6":{"name":"(anonymous_6)","decl":{"start":{"line":31,"column":4},"end":{"line":31,"column":7}},"loc":{"start":{"line":32,"column":6},"end":{"line":37,"column":null}}},"7":{"name":"(anonymous_7)","decl":{"start":{"line":34,"column":12},"end":{"line":34,"column":15}},"loc":{"start":{"line":34,"column":17},"end":{"line":37,"column":9}}}},"branchMap":{},"s":{"0":2,"1":2,"2":2,"3":2,"4":2,"5":2,"6":2,"7":2,"8":0,"9":8,"10":8,"11":8,"12":8,"13":8,"14":8,"15":8,"16":0,"17":0,"18":0,"19":8,"20":8,"21":0,"22":0,"23":2,"24":2},"f":{"0":0,"1":8,"2":8,"3":0,"4":0,"5":0,"6":8,"7":0},"b":{}}
,"C:\\Users\\ezequ\\Documentos\\Dev\\Angular\\Test\\prv-tests\\src\\app\\pages\\wallet\\pages\\auth\\store\\effects\\update-profile.effect.ts": {"path":"C:\\Users\\ezequ\\Documentos\\Dev\\Angular\\Test\\prv-tests\\src\\app\\pages\\wallet\\pages\\auth\\store\\effects\\update-profile.effect.ts","statementMap":{"0":{"start":{"line":1,"column":0},"end":{"line":1,"column":43}},"1":{"start":{"line":2,"column":0},"end":{"line":2,"column":62}},"2":{"start":{"line":3,"column":0},"end":{"line":3,"column":43}},"3":{"start":{"line":4,"column":0},"end":{"line":4,"column":43}},"4":{"start":{"line":6,"column":0},"end":{"line":6,"column":58}},"5":{"start":{"line":7,"column":0},"end":{"line":7,"column":null}},"6":{"start":{"line":38,"column":4},"end":{"line":38,"column":76}},"7":{"start":{"line":41,"column":12},"end":{"line":41,"column":29}},"8":{"start":{"line":42,"column":12},"end":{"line":42,"column":36}},"9":{"start":{"line":43,"column":12},"end":{"line":43,"column":33}},"10":{"start":{"line":14,"column":2},"end":{"line":25,"column":4}},"11":{"start":{"line":15,"column":4},"end":{"line":23,"column":null}},"12":{"start":{"line":18,"column":8},"end":{"line":22,"column":10}},"13":{"start":{"line":20,"column":12},"end":{"line":20,"column":63}},"14":{"start":{"line":27,"column":2},"end":{"line":36,"column":4}},"15":{"start":{"line":29,"column":6},"end":{"line":33,"column":null}},"16":{"start":{"line":32,"column":10},"end":{"line":32,"column":60}},"17":{"start":{"line":13,"column":13},"end":{"line":45,"column":null}},"18":{"start":{"line":13,"column":13},"end":{"line":13,"column":32}}},"fnMap":{"0":{"name":"(anonymous_0)","decl":{"start":{"line":37,"column":2},"end":{"line":37,"column":13}},"loc":{"start":{"line":37,"column":27},"end":{"line":39,"column":3}}},"1":{"name":"(anonymous_1)","decl":{"start":{"line":40,"column":2},"end":{"line":40,"column":null}},"loc":{"start":{"line":43,"column":33},"end":{"line":44,"column":6}}},"2":{"name":"(anonymous_2)","decl":{"start":{"line":14,"column":32},"end":{"line":14,"column":35}},"loc":{"start":{"line":15,"column":4},"end":{"line":23,"column":null}}},"3":{"name":"(anonymous_3)","decl":{"start":{"line":17,"column":16},"end":{"line":17,"column":17}},"loc":{"start":{"line":17,"column":32},"end":{"line":23,"column":7}}},"4":{"name":"(anonymous_4)","decl":{"start":{"line":19,"column":14},"end":{"line":19,"column":15}},"loc":{"start":{"line":19,"column":52},"end":{"line":21,"column":11}}},"5":{"name":"(anonymous_5)","decl":{"start":{"line":28,"column":4},"end":{"line":28,"column":7}},"loc":{"start":{"line":29,"column":6},"end":{"line":33,"column":null}}},"6":{"name":"(anonymous_6)","decl":{"start":{"line":31,"column":12},"end":{"line":31,"column":15}},"loc":{"start":{"line":31,"column":17},"end":{"line":33,"column":9}}}},"branchMap":{},"s":{"0":2,"1":2,"2":2,"3":2,"4":2,"5":2,"6":0,"7":8,"8":8,"9":8,"10":8,"11":8,"12":0,"13":0,"14":8,"15":8,"16":0,"17":2,"18":2},"f":{"0":0,"1":8,"2":8,"3":0,"4":0,"5":8,"6":0},"b":{}}
,"C:\\Users\\ezequ\\Documentos\\Dev\\Angular\\Test\\prv-tests\\src\\app\\pages\\wallet\\pages\\auth\\store\\reducers\\auth.reducers.ts": {"path":"C:\\Users\\ezequ\\Documentos\\Dev\\Angular\\Test\\prv-tests\\src\\app\\pages\\wallet\\pages\\auth\\store\\reducers\\auth.reducers.ts","statementMap":{"0":{"start":{"line":1,"column":0},"end":{"line":1,"column":54}},"1":{"start":{"line":2,"column":0},"end":{"line":2,"column":94}},"2":{"start":{"line":3,"column":0},"end":{"line":3,"column":76}},"3":{"start":{"line":4,"column":0},"end":{"line":4,"column":null}},"4":{"start":{"line":9,"column":0},"end":{"line":9,"column":null}},"5":{"start":{"line":14,"column":0},"end":{"line":14,"column":105}},"6":{"start":{"line":15,"column":0},"end":{"line":15,"column":98}},"7":{"start":{"line":18,"column":41},"end":{"line":28,"column":2}},"8":{"start":{"line":30,"column":20},"end":{"line":198,"column":null}},"9":{"start":{"line":34,"column":36},"end":{"line":40,"column":6}},"10":{"start":{"line":44,"column":44},"end":{"line":52,"column":6}},"11":{"start":{"line":56,"column":44},"end":{"line":63,"column":6}},"12":{"start":{"line":67,"column":36},"end":{"line":73,"column":6}},"13":{"start":{"line":77,"column":44},"end":{"line":85,"column":6}},"14":{"start":{"line":89,"column":44},"end":{"line":96,"column":6}},"15":{"start":{"line":100,"column":36},"end":{"line":106,"column":6}},"16":{"start":{"line":110,"column":44},"end":{"line":115,"column":6}},"17":{"start":{"line":119,"column":36},"end":{"line":126,"column":6}},"18":{"start":{"line":130,"column":44},"end":{"line":138,"column":6}},"19":{"start":{"line":142,"column":44},"end":{"line":149,"column":6}},"20":{"start":{"line":153,"column":36},"end":{"line":160,"column":6}},"21":{"start":{"line":164,"column":44},"end":{"line":172,"column":6}},"22":{"start":{"line":176,"column":44},"end":{"line":182,"column":6}},"23":{"start":{"line":186,"column":36},"end":{"line":189,"column":6}},"24":{"start":{"line":193,"column":44},"end":{"line":197,"column":6}},"25":{"start":{"line":202,"column":2},"end":{"line":202,"column":36}},"26":{"start":{"line":201,"column":0},"end":{"line":201,"column":16}}},"fnMap":{"0":{"name":"(anonymous_0)","decl":{"start":{"line":34,"column":4},"end":{"line":34,"column":5}},"loc":{"start":{"line":34,"column":36},"end":{"line":40,"column":6}}},"1":{"name":"(anonymous_1)","decl":{"start":{"line":44,"column":4},"end":{"line":44,"column":5}},"loc":{"start":{"line":44,"column":44},"end":{"line":52,"column":6}}},"2":{"name":"(anonymous_2)","decl":{"start":{"line":56,"column":4},"end":{"line":56,"column":5}},"loc":{"start":{"line":56,"column":44},"end":{"line":63,"column":6}}},"3":{"name":"(anonymous_3)","decl":{"start":{"line":67,"column":4},"end":{"line":67,"column":5}},"loc":{"start":{"line":67,"column":36},"end":{"line":73,"column":6}}},"4":{"name":"(anonymous_4)","decl":{"start":{"line":77,"column":4},"end":{"line":77,"column":5}},"loc":{"start":{"line":77,"column":44},"end":{"line":85,"column":6}}},"5":{"name":"(anonymous_5)","decl":{"start":{"line":89,"column":4},"end":{"line":89,"column":5}},"loc":{"start":{"line":89,"column":44},"end":{"line":96,"column":6}}},"6":{"name":"(anonymous_6)","decl":{"start":{"line":100,"column":4},"end":{"line":100,"column":5}},"loc":{"start":{"line":100,"column":36},"end":{"line":106,"column":6}}},"7":{"name":"(anonymous_7)","decl":{"start":{"line":110,"column":4},"end":{"line":110,"column":5}},"loc":{"start":{"line":110,"column":44},"end":{"line":115,"column":6}}},"8":{"name":"(anonymous_8)","decl":{"start":{"line":119,"column":4},"end":{"line":119,"column":5}},"loc":{"start":{"line":119,"column":36},"end":{"line":126,"column":6}}},"9":{"name":"(anonymous_9)","decl":{"start":{"line":130,"column":4},"end":{"line":130,"column":5}},"loc":{"start":{"line":130,"column":44},"end":{"line":138,"column":6}}},"10":{"name":"(anonymous_10)","decl":{"start":{"line":142,"column":4},"end":{"line":142,"column":5}},"loc":{"start":{"line":142,"column":44},"end":{"line":149,"column":6}}},"11":{"name":"(anonymous_11)","decl":{"start":{"line":153,"column":4},"end":{"line":153,"column":5}},"loc":{"start":{"line":153,"column":36},"end":{"line":160,"column":6}}},"12":{"name":"(anonymous_12)","decl":{"start":{"line":164,"column":4},"end":{"line":164,"column":5}},"loc":{"start":{"line":164,"column":44},"end":{"line":172,"column":6}}},"13":{"name":"(anonymous_13)","decl":{"start":{"line":176,"column":4},"end":{"line":176,"column":5}},"loc":{"start":{"line":176,"column":44},"end":{"line":182,"column":6}}},"14":{"name":"(anonymous_14)","decl":{"start":{"line":186,"column":4},"end":{"line":186,"column":5}},"loc":{"start":{"line":186,"column":36},"end":{"line":189,"column":6}}},"15":{"name":"(anonymous_15)","decl":{"start":{"line":193,"column":4},"end":{"line":193,"column":5}},"loc":{"start":{"line":193,"column":44},"end":{"line":197,"column":6}}},"16":{"name":"reducers","decl":{"start":{"line":201,"column":16},"end":{"line":201,"column":24}},"loc":{"start":{"line":201,"column":66},"end":{"line":203,"column":1}}}},"branchMap":{},"s":{"0":7,"1":7,"2":7,"3":7,"4":7,"5":7,"6":7,"7":7,"8":7,"9":0,"10":0,"11":0,"12":1,"13":0,"14":0,"15":9,"16":9,"17":0,"18":0,"19":0,"20":0,"21":0,"22":0,"23":0,"24":0,"25":71,"26":7},"f":{"0":0,"1":0,"2":0,"3":1,"4":0,"5":0,"6":9,"7":9,"8":0,"9":0,"10":0,"11":0,"12":0,"13":0,"14":0,"15":0,"16":71},"b":{}}
,"C:\\Users\\ezequ\\Documentos\\Dev\\Angular\\Test\\prv-tests\\src\\app\\pages\\wallet\\pages\\auth\\store\\selectors\\auth.selector.ts": {"path":"C:\\Users\\ezequ\\Documentos\\Dev\\Angular\\Test\\prv-tests\\src\\app\\pages\\wallet\\pages\\auth\\store\\selectors\\auth.selector.ts","statementMap":{"0":{"start":{"line":1,"column":0},"end":{"line":1,"column":66}},"1":{"start":{"line":4,"column":13},"end":{"line":4,"column":85}},"2":{"start":{"line":6,"column":13},"end":{"line":9,"column":2}},"3":{"start":{"line":8,"column":37},"end":{"line":8,"column":59}},"4":{"start":{"line":12,"column":13},"end":{"line":15,"column":2}},"5":{"start":{"line":14,"column":37},"end":{"line":14,"column":58}},"6":{"start":{"line":17,"column":13},"end":{"line":20,"column":2}},"7":{"start":{"line":19,"column":37},"end":{"line":19,"column":57}},"8":{"start":{"line":22,"column":13},"end":{"line":25,"column":2}},"9":{"start":{"line":24,"column":37},"end":{"line":24,"column":60}},"10":{"start":{"line":27,"column":13},"end":{"line":30,"column":2}},"11":{"start":{"line":29,"column":37},"end":{"line":29,"column":68}},"12":{"start":{"line":31,"column":13},"end":{"line":34,"column":2}},"13":{"start":{"line":33,"column":37},"end":{"line":33,"column":74}},"14":{"start":{"line":36,"column":13},"end":{"line":39,"column":2}},"15":{"start":{"line":38,"column":37},"end":{"line":38,"column":61}},"16":{"start":{"line":41,"column":13},"end":{"line":44,"column":2}},"17":{"start":{"line":43,"column":37},"end":{"line":43,"column":81}},"18":{"start":{"line":46,"column":13},"end":{"line":49,"column":2}},"19":{"start":{"line":48,"column":37},"end":{"line":48,"column":80}}},"fnMap":{"0":{"name":"(anonymous_0)","decl":{"start":{"line":8,"column":2},"end":{"line":8,"column":3}},"loc":{"start":{"line":8,"column":37},"end":{"line":8,"column":59}}},"1":{"name":"(anonymous_1)","decl":{"start":{"line":14,"column":2},"end":{"line":14,"column":3}},"loc":{"start":{"line":14,"column":37},"end":{"line":14,"column":58}}},"2":{"name":"(anonymous_2)","decl":{"start":{"line":19,"column":2},"end":{"line":19,"column":3}},"loc":{"start":{"line":19,"column":37},"end":{"line":19,"column":57}}},"3":{"name":"(anonymous_3)","decl":{"start":{"line":24,"column":2},"end":{"line":24,"column":3}},"loc":{"start":{"line":24,"column":37},"end":{"line":24,"column":60}}},"4":{"name":"(anonymous_4)","decl":{"start":{"line":29,"column":2},"end":{"line":29,"column":3}},"loc":{"start":{"line":29,"column":37},"end":{"line":29,"column":68}}},"5":{"name":"(anonymous_5)","decl":{"start":{"line":33,"column":2},"end":{"line":33,"column":3}},"loc":{"start":{"line":33,"column":37},"end":{"line":33,"column":74}}},"6":{"name":"(anonymous_6)","decl":{"start":{"line":38,"column":2},"end":{"line":38,"column":3}},"loc":{"start":{"line":38,"column":37},"end":{"line":38,"column":61}}},"7":{"name":"(anonymous_7)","decl":{"start":{"line":43,"column":2},"end":{"line":43,"column":3}},"loc":{"start":{"line":43,"column":37},"end":{"line":43,"column":81}}},"8":{"name":"(anonymous_8)","decl":{"start":{"line":48,"column":2},"end":{"line":48,"column":3}},"loc":{"start":{"line":48,"column":37},"end":{"line":48,"column":80}}}},"branchMap":{},"s":{"0":7,"1":7,"2":7,"3":0,"4":7,"5":5,"6":7,"7":1,"8":7,"9":9,"10":7,"11":1,"12":7,"13":0,"14":7,"15":0,"16":7,"17":0,"18":7,"19":0},"f":{"0":0,"1":5,"2":1,"3":9,"4":1,"5":0,"6":0,"7":0,"8":0},"b":{}}
,"C:\\Users\\ezequ\\Documentos\\Dev\\Angular\\Test\\prv-tests\\src\\app\\shared\\interceptors\\spinner.interceptor.ts": {"path":"C:\\Users\\ezequ\\Documentos\\Dev\\Angular\\Test\\prv-tests\\src\\app\\shared\\interceptors\\spinner.interceptor.ts","statementMap":{"0":{"start":{"line":1,"column":0},"end":{"line":1,"column":109}},"1":{"start":{"line":2,"column":0},"end":{"line":2,"column":41}},"2":{"start":{"line":3,"column":0},"end":{"line":3,"column":42}},"3":{"start":{"line":4,"column":0},"end":{"line":4,"column":75}},"4":{"start":{"line":8,"column":22},"end":{"line":8,"column":52}},"5":{"start":{"line":10,"column":3},"end":{"line":10,"column":30}},"6":{"start":{"line":12,"column":3},"end":{"line":14,"column":null}},"7":{"start":{"line":13,"column":5},"end":{"line":13,"column":39}},"8":{"start":{"line":7,"column":13},"end":{"line":16,"column":null}},"9":{"start":{"line":7,"column":13},"end":{"line":7,"column":31}},"10":{"start":{"line":18,"column":13},"end":{"line":24,"column":null}}},"fnMap":{"0":{"name":"(anonymous_0)","decl":{"start":{"line":8,"column":2},"end":{"line":8,"column":22}},"loc":{"start":{"line":8,"column":52},"end":{"line":8,"column":57}}},"1":{"name":"(anonymous_1)","decl":{"start":{"line":9,"column":2},"end":{"line":9,"column":11}},"loc":{"start":{"line":9,"column":52},"end":{"line":15,"column":3}}},"2":{"name":"(anonymous_2)","decl":{"start":{"line":12,"column":41},"end":{"line":12,"column":43}},"loc":{"start":{"line":12,"column":45},"end":{"line":14,"column":4}}}},"branchMap":{},"s":{"0":2,"1":2,"2":2,"3":2,"4":0,"5":0,"6":0,"7":0,"8":2,"9":2,"10":2},"f":{"0":0,"1":0,"2":0},"b":{}}
,"C:\\Users\\ezequ\\Documentos\\Dev\\Angular\\Test\\prv-tests\\src\\app\\shared\\modules\\backend-error-messages\\backend-error-messages.module.ts": {"path":"C:\\Users\\ezequ\\Documentos\\Dev\\Angular\\Test\\prv-tests\\src\\app\\shared\\modules\\backend-error-messages\\backend-error-messages.module.ts","statementMap":{"0":{"start":{"line":1,"column":0},"end":{"line":1,"column":41}},"1":{"start":{"line":2,"column":0},"end":{"line":2,"column":47}},"2":{"start":{"line":3,"column":0},"end":{"line":3,"column":94}},"3":{"start":{"line":4,"column":0},"end":{"line":4,"column":53}},"4":{"start":{"line":5,"column":0},"end":{"line":5,"column":53}},"5":{"start":{"line":22,"column":7},"end":{"line":22,"column":null}},"6":{"start":{"line":22,"column":13},"end":{"line":22,"column":null}},"7":{"start":{"line":22,"column":13},"end":{"line":22,"column":39}}},"fnMap":{},"branchMap":{},"s":{"0":1,"1":1,"2":1,"3":1,"4":1,"5":1,"6":1,"7":1},"f":{},"b":{}}
,"C:\\Users\\ezequ\\Documentos\\Dev\\Angular\\Test\\prv-tests\\src\\app\\shared\\modules\\backend-error-messages\\components\\backend-error-messages.component.html": {"path":"C:\\Users\\ezequ\\Documentos\\Dev\\Angular\\Test\\prv-tests\\src\\app\\shared\\modules\\backend-error-messages\\components\\backend-error-messages.component.html","statementMap":{"0":{"start":{"line":1,"column":0},"end":{"line":1,"column":358}}},"fnMap":{},"branchMap":{},"s":{"0":2},"f":{},"b":{},"_coverageSchema":"1a1c01bbd47fc00a2c39e90264f33305004495a9","hash":"4b7dda38e951e122481779e414e54e702dfd8f0a"}
,"C:\\Users\\ezequ\\Documentos\\Dev\\Angular\\Test\\prv-tests\\src\\app\\shared\\modules\\backend-error-messages\\components\\backend-error-messages.component.ts": {"path":"C:\\Users\\ezequ\\Documentos\\Dev\\Angular\\Test\\prv-tests\\src\\app\\shared\\modules\\backend-error-messages\\components\\backend-error-messages.component.ts","statementMap":{"0":{"start":{"line":1,"column":0},"end":{"line":1,"column":57}},"1":{"start":{"line":14,"column":4},"end":{"line":14,"column":58}},"2":{"start":{"line":9,"column":13},"end":{"line":16,"column":null}},"3":{"start":{"line":9,"column":13},"end":{"line":9,"column":42}}},"fnMap":{"0":{"name":"(anonymous_0)","decl":{"start":{"line":13,"column":2},"end":{"line":13,"column":10}},"loc":{"start":{"line":13,"column":10},"end":{"line":15,"column":3}}}},"branchMap":{},"s":{"0":2,"1":3,"2":2,"3":2},"f":{"0":3},"b":{}}
,"C:\\Users\\ezequ\\Documentos\\Dev\\Angular\\Test\\prv-tests\\src\\app\\shared\\modules\\bottom-navbar\\bottom-navbar.module.ts": {"path":"C:\\Users\\ezequ\\Documentos\\Dev\\Angular\\Test\\prv-tests\\src\\app\\shared\\modules\\bottom-navbar\\bottom-navbar.module.ts","statementMap":{"0":{"start":{"line":1,"column":0},"end":{"line":1,"column":39}},"1":{"start":{"line":2,"column":0},"end":{"line":2,"column":63}},"2":{"start":{"line":3,"column":0},"end":{"line":3,"column":75}},"3":{"start":{"line":4,"column":0},"end":{"line":4,"column":53}},"4":{"start":{"line":5,"column":0},"end":{"line":5,"column":59}},"5":{"start":{"line":6,"column":0},"end":{"line":6,"column":56}},"6":{"start":{"line":7,"column":0},"end":{"line":7,"column":43}},"7":{"start":{"line":8,"column":0},"end":{"line":8,"column":53}},"8":{"start":{"line":9,"column":0},"end":{"line":9,"column":57}},"9":{"start":{"line":30,"column":7},"end":{"line":31,"column":null}},"10":{"start":{"line":30,"column":13},"end":{"line":31,"column":null}},"11":{"start":{"line":30,"column":13},"end":{"line":30,"column":31}}},"fnMap":{},"branchMap":{},"s":{"0":2,"1":2,"2":2,"3":2,"4":2,"5":2,"6":2,"7":2,"8":2,"9":2,"10":2,"11":2},"f":{},"b":{}}
,"C:\\Users\\ezequ\\Documentos\\Dev\\Angular\\Test\\prv-tests\\src\\app\\shared\\modules\\bottom-navbar\\components\\bottom-navbar.component.html": {"path":"C:\\Users\\ezequ\\Documentos\\Dev\\Angular\\Test\\prv-tests\\src\\app\\shared\\modules\\bottom-navbar\\components\\bottom-navbar.component.html","statementMap":{"0":{"start":{"line":1,"column":0},"end":{"line":1,"column":1054}}},"fnMap":{},"branchMap":{},"s":{"0":3},"f":{},"b":{},"_coverageSchema":"1a1c01bbd47fc00a2c39e90264f33305004495a9","hash":"453cc2fddb2bdc4ac8c3250156dd18c7a91a6fdd"}
,"C:\\Users\\ezequ\\Documentos\\Dev\\Angular\\Test\\prv-tests\\src\\app\\shared\\modules\\bottom-navbar\\components\\bottom-navbar.component.ts": {"path":"C:\\Users\\ezequ\\Documentos\\Dev\\Angular\\Test\\prv-tests\\src\\app\\shared\\modules\\bottom-navbar\\components\\bottom-navbar.component.ts","statementMap":{"0":{"start":{"line":1,"column":0},"end":{"line":1,"column":40}},"1":{"start":{"line":3,"column":0},"end":{"line":3,"column":61}},"2":{"start":{"line":11,"column":7},"end":{"line":15,"column":null}},"3":{"start":{"line":12,"column":2},"end":{"line":12,"column":41}},"4":{"start":{"line":13,"column":2},"end":{"line":13,"column":29}},"5":{"start":{"line":14,"column":2},"end":{"line":14,"column":39}},"6":{"start":{"line":11,"column":13},"end":{"line":15,"column":null}},"7":{"start":{"line":11,"column":13},"end":{"line":11,"column":34}}},"fnMap":{"0":{"name":"(anonymous_0)","decl":{"start":{"line":11,"column":7},"end":{"line":11,"column":13}},"loc":{"start":{"line":11,"column":7},"end":{"line":15,"column":1}}}},"branchMap":{},"s":{"0":3,"1":3,"2":3,"3":4,"4":4,"5":4,"6":3,"7":3},"f":{"0":4},"b":{}}
,"C:\\Users\\ezequ\\Documentos\\Dev\\Angular\\Test\\prv-tests\\src\\app\\shared\\modules\\footer\\footer.module.ts": {"path":"C:\\Users\\ezequ\\Documentos\\Dev\\Angular\\Test\\prv-tests\\src\\app\\shared\\modules\\footer\\footer.module.ts","statementMap":{"0":{"start":{"line":1,"column":0},"end":{"line":1,"column":45}},"1":{"start":{"line":2,"column":0},"end":{"line":2,"column":39}},"2":{"start":{"line":3,"column":0},"end":{"line":3,"column":69}},"3":{"start":{"line":10,"column":7},"end":{"line":11,"column":null}},"4":{"start":{"line":10,"column":13},"end":{"line":11,"column":null}},"5":{"start":{"line":10,"column":13},"end":{"line":10,"column":25}}},"fnMap":{},"branchMap":{},"s":{"0":3,"1":3,"2":3,"3":3,"4":3,"5":3},"f":{},"b":{}}
,"C:\\Users\\ezequ\\Documentos\\Dev\\Angular\\Test\\prv-tests\\src\\app\\shared\\modules\\footer\\components\\footer\\footer.component.html": {"path":"C:\\Users\\ezequ\\Documentos\\Dev\\Angular\\Test\\prv-tests\\src\\app\\shared\\modules\\footer\\components\\footer\\footer.component.html","statementMap":{"0":{"start":{"line":1,"column":0},"end":{"line":1,"column":1139}}},"fnMap":{},"branchMap":{},"s":{"0":3},"f":{},"b":{},"_coverageSchema":"1a1c01bbd47fc00a2c39e90264f33305004495a9","hash":"443bc869cdcefadb79b7eca7973b7f104fa68559"}
,"C:\\Users\\ezequ\\Documentos\\Dev\\Angular\\Test\\prv-tests\\src\\app\\shared\\modules\\footer\\components\\footer\\footer.component.ts": {"path":"C:\\Users\\ezequ\\Documentos\\Dev\\Angular\\Test\\prv-tests\\src\\app\\shared\\modules\\footer\\components\\footer\\footer.component.ts","statementMap":{"0":{"start":{"line":1,"column":0},"end":{"line":1,"column":42}},"1":{"start":{"line":8,"column":7},"end":{"line":10,"column":null}},"2":{"start":{"line":8,"column":13},"end":{"line":10,"column":null}},"3":{"start":{"line":8,"column":13},"end":{"line":8,"column":28}}},"fnMap":{},"branchMap":{},"s":{"0":3,"1":3,"2":3,"3":3},"f":{},"b":{}}
,"C:\\Users\\ezequ\\Documentos\\Dev\\Angular\\Test\\prv-tests\\src\\app\\shared\\modules\\generic-title\\generic-title.module.ts": {"path":"C:\\Users\\ezequ\\Documentos\\Dev\\Angular\\Test\\prv-tests\\src\\app\\shared\\modules\\generic-title\\generic-title.module.ts","statementMap":{"0":{"start":{"line":1,"column":0},"end":{"line":1,"column":41}},"1":{"start":{"line":2,"column":0},"end":{"line":2,"column":47}},"2":{"start":{"line":3,"column":0},"end":{"line":3,"column":77}},"3":{"start":{"line":4,"column":0},"end":{"line":4,"column":53}},"4":{"start":{"line":5,"column":0},"end":{"line":5,"column":43}},"5":{"start":{"line":22,"column":7},"end":{"line":22,"column":null}},"6":{"start":{"line":22,"column":13},"end":{"line":22,"column":null}},"7":{"start":{"line":22,"column":13},"end":{"line":22,"column":31}}},"fnMap":{},"branchMap":{},"s":{"0":2,"1":2,"2":2,"3":2,"4":2,"5":2,"6":2,"7":2},"f":{},"b":{}}
,"C:\\Users\\ezequ\\Documentos\\Dev\\Angular\\Test\\prv-tests\\src\\app\\shared\\modules\\generic-title\\components\\generic-title.component.html": {"path":"C:\\Users\\ezequ\\Documentos\\Dev\\Angular\\Test\\prv-tests\\src\\app\\shared\\modules\\generic-title\\components\\generic-title.component.html","statementMap":{"0":{"start":{"line":1,"column":0},"end":{"line":1,"column":64}}},"fnMap":{},"branchMap":{},"s":{"0":2},"f":{},"b":{},"_coverageSchema":"1a1c01bbd47fc00a2c39e90264f33305004495a9","hash":"2ea65bc17eb1ad67cc779fc11f49dd4da5733ebf"}
,"C:\\Users\\ezequ\\Documentos\\Dev\\Angular\\Test\\prv-tests\\src\\app\\shared\\modules\\generic-title\\components\\generic-title.component.ts": {"path":"C:\\Users\\ezequ\\Documentos\\Dev\\Angular\\Test\\prv-tests\\src\\app\\shared\\modules\\generic-title\\components\\generic-title.component.ts","statementMap":{"0":{"start":{"line":1,"column":0},"end":{"line":1,"column":47}},"1":{"start":{"line":8,"column":13},"end":{"line":10,"column":null}},"2":{"start":{"line":8,"column":13},"end":{"line":8,"column":34}}},"fnMap":{},"branchMap":{},"s":{"0":2,"1":2,"2":2},"f":{},"b":{}}
,"C:\\Users\\ezequ\\Documentos\\Dev\\Angular\\Test\\prv-tests\\src\\app\\shared\\modules\\profile\\profile.module.ts": {"path":"C:\\Users\\ezequ\\Documentos\\Dev\\Angular\\Test\\prv-tests\\src\\app\\shared\\modules\\profile\\profile.module.ts","statementMap":{"0":{"start":{"line":1,"column":0},"end":{"line":1,"column":39}},"1":{"start":{"line":2,"column":0},"end":{"line":2,"column":45}},"2":{"start":{"line":3,"column":0},"end":{"line":3,"column":72}},"3":{"start":{"line":4,"column":0},"end":{"line":4,"column":53}},"4":{"start":{"line":5,"column":0},"end":{"line":5,"column":57}},"5":{"start":{"line":6,"column":0},"end":{"line":6,"column":53}},"6":{"start":{"line":7,"column":0},"end":{"line":7,"column":59}},"7":{"start":{"line":8,"column":0},"end":{"line":8,"column":40}},"8":{"start":{"line":9,"column":0},"end":{"line":9,"column":87}},"9":{"start":{"line":10,"column":0},"end":{"line":10,"column":44}},"10":{"start":{"line":11,"column":0},"end":{"line":11,"column":90}},"11":{"start":{"line":12,"column":0},"end":{"line":12,"column":45}},"12":{"start":{"line":33,"column":7},"end":{"line":34,"column":null}},"13":{"start":{"line":33,"column":13},"end":{"line":34,"column":null}},"14":{"start":{"line":33,"column":13},"end":{"line":33,"column":26}}},"fnMap":{},"branchMap":{},"s":{"0":4,"1":4,"2":4,"3":4,"4":4,"5":4,"6":4,"7":4,"8":4,"9":4,"10":4,"11":4,"12":4,"13":4,"14":4},"f":{},"b":{}}
,"C:\\Users\\ezequ\\Documentos\\Dev\\Angular\\Test\\prv-tests\\src\\app\\shared\\modules\\profile\\components\\profile\\profile.component.html": {"path":"C:\\Users\\ezequ\\Documentos\\Dev\\Angular\\Test\\prv-tests\\src\\app\\shared\\modules\\profile\\components\\profile\\profile.component.html","statementMap":{"0":{"start":{"line":1,"column":0},"end":{"line":1,"column":699}}},"fnMap":{},"branchMap":{},"s":{"0":5},"f":{},"b":{},"_coverageSchema":"1a1c01bbd47fc00a2c39e90264f33305004495a9","hash":"d0ef2bfbcb34b08365b13d9be90fa68c64aed832"}
,"C:\\Users\\ezequ\\Documentos\\Dev\\Angular\\Test\\prv-tests\\src\\app\\shared\\modules\\profile\\components\\profile\\profile.component.ts": {"path":"C:\\Users\\ezequ\\Documentos\\Dev\\Angular\\Test\\prv-tests\\src\\app\\shared\\modules\\profile\\components\\profile\\profile.component.ts","statementMap":{"0":{"start":{"line":1,"column":0},"end":{"line":1,"column":40}},"1":{"start":{"line":2,"column":0},"end":{"line":2,"column":42}},"2":{"start":{"line":3,"column":0},"end":{"line":3,"column":97}},"3":{"start":{"line":6,"column":0},"end":{"line":6,"column":105}},"4":{"start":{"line":7,"column":0},"end":{"line":7,"column":39}},"5":{"start":{"line":17,"column":22},"end":{"line":17,"column":34}},"6":{"start":{"line":17,"column":44},"end":{"line":17,"column":58}},"7":{"start":{"line":18,"column":4},"end":{"line":18,"column":null}},"8":{"start":{"line":22,"column":4},"end":{"line":22,"column":null}},"9":{"start":{"line":26,"column":4},"end":{"line":26,"column":null}},"10":{"start":{"line":14,"column":13},"end":{"line":28,"column":null}},"11":{"start":{"line":14,"column":13},"end":{"line":14,"column":29}}},"fnMap":{"0":{"name":"(anonymous_0)","decl":{"start":{"line":17,"column":2},"end":{"line":17,"column":22}},"loc":{"start":{"line":17,"column":58},"end":{"line":19,"column":3}}},"1":{"name":"(anonymous_1)","decl":{"start":{"line":21,"column":2},"end":{"line":21,"column":10}},"loc":{"start":{"line":21,"column":10},"end":{"line":23,"column":3}}},"2":{"name":"(anonymous_2)","decl":{"start":{"line":25,"column":2},"end":{"line":25,"column":10}},"loc":{"start":{"line":25,"column":10},"end":{"line":27,"column":3}}}},"branchMap":{},"s":{"0":5,"1":5,"2":5,"3":5,"4":5,"5":13,"6":13,"7":13,"8":1,"9":1,"10":5,"11":5},"f":{"0":13,"1":1,"2":1},"b":{}}
,"C:\\Users\\ezequ\\Documentos\\Dev\\Angular\\Test\\prv-tests\\src\\app\\shared\\modules\\spinner\\spinner.module.ts": {"path":"C:\\Users\\ezequ\\Documentos\\Dev\\Angular\\Test\\prv-tests\\src\\app\\shared\\modules\\spinner\\spinner.module.ts","statementMap":{"0":{"start":{"line":1,"column":0},"end":{"line":1,"column":39}},"1":{"start":{"line":2,"column":0},"end":{"line":2,"column":45}},"2":{"start":{"line":3,"column":0},"end":{"line":3,"column":64}},"3":{"start":{"line":4,"column":0},"end":{"line":4,"column":58}},"4":{"start":{"line":19,"column":7},"end":{"line":19,"column":null}},"5":{"start":{"line":19,"column":13},"end":{"line":19,"column":null}},"6":{"start":{"line":19,"column":13},"end":{"line":19,"column":26}}},"fnMap":{},"branchMap":{},"s":{"0":3,"1":3,"2":3,"3":3,"4":3,"5":3,"6":3},"f":{},"b":{}}
,"C:\\Users\\ezequ\\Documentos\\Dev\\Angular\\Test\\prv-tests\\src\\app\\shared\\modules\\spinner\\components\\spinner.component.html": {"path":"C:\\Users\\ezequ\\Documentos\\Dev\\Angular\\Test\\prv-tests\\src\\app\\shared\\modules\\spinner\\components\\spinner.component.html","statementMap":{"0":{"start":{"line":1,"column":0},"end":{"line":1,"column":123}}},"fnMap":{},"branchMap":{},"s":{"0":3},"f":{},"b":{},"_coverageSchema":"1a1c01bbd47fc00a2c39e90264f33305004495a9","hash":"05367c96b03921a5afe1cfd137409484625c8bdf"}
,"C:\\Users\\ezequ\\Documentos\\Dev\\Angular\\Test\\prv-tests\\src\\app\\shared\\modules\\spinner\\components\\spinner.component.ts": {"path":"C:\\Users\\ezequ\\Documentos\\Dev\\Angular\\Test\\prv-tests\\src\\app\\shared\\modules\\spinner\\components\\spinner.component.ts","statementMap":{"0":{"start":{"line":1,"column":0},"end":{"line":1,"column":42}},"1":{"start":{"line":2,"column":0},"end":{"line":2,"column":59}},"2":{"start":{"line":16,"column":20},"end":{"line":16,"column":50}},"3":{"start":{"line":12,"column":2},"end":{"line":12,"column":63}},"4":{"start":{"line":13,"column":2},"end":{"line":15,"column":4}},"5":{"start":{"line":11,"column":13},"end":{"line":18,"column":null}},"6":{"start":{"line":11,"column":13},"end":{"line":11,"column":29}}},"fnMap":{"0":{"name":"(anonymous_0)","decl":{"start":{"line":16,"column":0},"end":{"line":16,"column":20}},"loc":{"start":{"line":16,"column":50},"end":{"line":17,"column":1}}}},"branchMap":{},"s":{"0":3,"1":3,"2":3,"3":3,"4":3,"5":3,"6":3},"f":{"0":3},"b":{}}
,"C:\\Users\\ezequ\\Documentos\\Dev\\Angular\\Test\\prv-tests\\src\\app\\shared\\modules\\spinner\\services\\spinner.service.ts": {"path":"C:\\Users\\ezequ\\Documentos\\Dev\\Angular\\Test\\prv-tests\\src\\app\\shared\\modules\\spinner\\services\\spinner.service.ts","statementMap":{"0":{"start":{"line":1,"column":0},"end":{"line":1,"column":43}},"1":{"start":{"line":2,"column":0},"end":{"line":2,"column":29}},"2":{"start":{"line":7,"column":7},"end":{"line":17,"column":null}},"3":{"start":{"line":8,"column":0},"end":{"line":8,"column":null}},"4":{"start":{"line":11,"column":3},"end":{"line":11,"column":30}},"5":{"start":{"line":15,"column":4},"end":{"line":15,"column":32}},"6":{"start":{"line":7,"column":13},"end":{"line":17,"column":null}},"7":{"start":{"line":7,"column":13},"end":{"line":7,"column":27}}},"fnMap":{"0":{"name":"(anonymous_0)","decl":{"start":{"line":7,"column":7},"end":{"line":7,"column":13}},"loc":{"start":{"line":7,"column":7},"end":{"line":17,"column":1}}},"1":{"name":"(anonymous_1)","decl":{"start":{"line":10,"column":2},"end":{"line":10,"column":6}},"loc":{"start":{"line":10,"column":6},"end":{"line":12,"column":3}}},"2":{"name":"(anonymous_2)","decl":{"start":{"line":14,"column":2},"end":{"line":14,"column":6}},"loc":{"start":{"line":14,"column":6},"end":{"line":16,"column":3}}}},"branchMap":{},"s":{"0":4,"1":4,"2":4,"3":6,"4":1,"5":1,"6":4,"7":4},"f":{"0":6,"1":1,"2":1},"b":{}}
,"C:\\Users\\ezequ\\Documentos\\Dev\\Angular\\Test\\prv-tests\\src\\app\\shared\\modules\\top-navbar\\top-navbar.module.ts": {"path":"C:\\Users\\ezequ\\Documentos\\Dev\\Angular\\Test\\prv-tests\\src\\app\\shared\\modules\\top-navbar\\top-navbar.module.ts","statementMap":{"0":{"start":{"line":1,"column":0},"end":{"line":1,"column":63}},"1":{"start":{"line":2,"column":0},"end":{"line":2,"column":39}},"2":{"start":{"line":3,"column":0},"end":{"line":3,"column":80}},"3":{"start":{"line":4,"column":0},"end":{"line":4,"column":59}},"4":{"start":{"line":5,"column":0},"end":{"line":5,"column":45}},"5":{"start":{"line":6,"column":0},"end":{"line":6,"column":57}},"6":{"start":{"line":7,"column":0},"end":{"line":7,"column":53}},"7":{"start":{"line":8,"column":0},"end":{"line":8,"column":53}},"8":{"start":{"line":9,"column":0},"end":{"line":9,"column":56}},"9":{"start":{"line":17,"column":7},"end":{"line":18,"column":null}},"10":{"start":{"line":17,"column":13},"end":{"line":18,"column":null}},"11":{"start":{"line":17,"column":13},"end":{"line":17,"column":28}}},"fnMap":{},"branchMap":{},"s":{"0":2,"1":2,"2":2,"3":2,"4":2,"5":2,"6":2,"7":2,"8":2,"9":2,"10":2,"11":2},"f":{},"b":{}}
,"C:\\Users\\ezequ\\Documentos\\Dev\\Angular\\Test\\prv-tests\\src\\app\\shared\\modules\\top-navbar\\components\\top-navbar\\top-navbar.component.html": {"path":"C:\\Users\\ezequ\\Documentos\\Dev\\Angular\\Test\\prv-tests\\src\\app\\shared\\modules\\top-navbar\\components\\top-navbar\\top-navbar.component.html","statementMap":{"0":{"start":{"line":1,"column":0},"end":{"line":1,"column":800}}},"fnMap":{},"branchMap":{},"s":{"0":3},"f":{},"b":{},"_coverageSchema":"1a1c01bbd47fc00a2c39e90264f33305004495a9","hash":"fc972a3961e2cc6c6680882ae3038c3c610caf77"}
,"C:\\Users\\ezequ\\Documentos\\Dev\\Angular\\Test\\prv-tests\\src\\app\\shared\\modules\\top-navbar\\components\\top-navbar\\top-navbar.component.ts": {"path":"C:\\Users\\ezequ\\Documentos\\Dev\\Angular\\Test\\prv-tests\\src\\app\\shared\\modules\\top-navbar\\components\\top-navbar\\top-navbar.component.ts","statementMap":{"0":{"start":{"line":1,"column":0},"end":{"line":1,"column":40}},"1":{"start":{"line":3,"column":0},"end":{"line":3,"column":63}},"2":{"start":{"line":11,"column":7},"end":{"line":16,"column":null}},"3":{"start":{"line":12,"column":2},"end":{"line":12,"column":41}},"4":{"start":{"line":13,"column":2},"end":{"line":13,"column":29}},"5":{"start":{"line":14,"column":2},"end":{"line":14,"column":39}},"6":{"start":{"line":11,"column":13},"end":{"line":16,"column":null}},"7":{"start":{"line":11,"column":13},"end":{"line":11,"column":31}}},"fnMap":{"0":{"name":"(anonymous_0)","decl":{"start":{"line":11,"column":7},"end":{"line":11,"column":13}},"loc":{"start":{"line":11,"column":7},"end":{"line":16,"column":1}}}},"branchMap":{},"s":{"0":3,"1":3,"2":3,"3":4,"4":4,"5":4,"6":3,"7":3},"f":{"0":4},"b":{}}
,"C:\\Users\\ezequ\\Documentos\\Dev\\Angular\\Test\\prv-tests\\src\\app\\shared\\services\\persistance.service.ts": {"path":"C:\\Users\\ezequ\\Documentos\\Dev\\Angular\\Test\\prv-tests\\src\\app\\shared\\services\\persistance.service.ts","statementMap":{"0":{"start":{"line":1,"column":0},"end":{"line":1,"column":41}},"1":{"start":{"line":4,"column":7},"end":{"line":21,"column":null}},"2":{"start":{"line":6,"column":4},"end":{"line":10,"column":null}},"3":{"start":{"line":7,"column":6},"end":{"line":7,"column":54}},"4":{"start":{"line":9,"column":6},"end":{"line":9,"column":61}},"5":{"start":{"line":14,"column":25},"end":{"line":14,"column":50}},"6":{"start":{"line":15,"column":4},"end":{"line":15,"column":33}},"7":{"start":{"line":19,"column":4},"end":{"line":19,"column":null}},"8":{"start":{"line":4,"column":13},"end":{"line":21,"column":null}},"9":{"start":{"line":4,"column":13},"end":{"line":4,"column":31}}},"fnMap":{"0":{"name":"(anonymous_0)","decl":{"start":{"line":5,"column":2},"end":{"line":5,"column":5}},"loc":{"start":{"line":5,"column":25},"end":{"line":11,"column":3}}},"1":{"name":"(anonymous_1)","decl":{"start":{"line":13,"column":2},"end":{"line":13,"column":5}},"loc":{"start":{"line":13,"column":14},"end":{"line":16,"column":3}}},"2":{"name":"(anonymous_2)","decl":{"start":{"line":18,"column":2},"end":{"line":18,"column":7}},"loc":{"start":{"line":18,"column":7},"end":{"line":20,"column":3}}}},"branchMap":{},"s":{"0":6,"1":6,"2":3,"3":3,"4":0,"5":2,"6":2,"7":10,"8":6,"9":6},"f":{"0":3,"1":2,"2":10},"b":{}}
,"C:\\Users\\ezequ\\Documentos\\Dev\\Angular\\Test\\prv-tests\\src\\environments\\environment.ts": {"path":"C:\\Users\\ezequ\\Documentos\\Dev\\Angular\\Test\\prv-tests\\src\\environments\\environment.ts","statementMap":{"0":{"start":{"line":1,"column":13},"end":{"line":4,"column":2}}},"fnMap":{},"branchMap":{},"s":{"0":4},"f":{},"b":{}}
}
