TN:
SF:src\app\app-routing.module.ts
FN:7,(anonymous_0)
FN:8,(anonymous_1)
FN:8,(anonymous_2)
FNF:3
FNH:0
FNDA:0,(anonymous_0)
FNDA:0,(anonymous_1)
FNDA:0,(anonymous_2)
DA:1,2
DA:2,2
DA:4,2
DA:8,0
DA:18,2
LF:5
LH:4
BRF:0
BRH:0
end_of_record
TN:
SF:src\app\app.component.html
FNF:0
FNH:0
DA:1,3
LF:1
LH:1
BRF:0
BRH:0
end_of_record
TN:
SF:src\app\app.component.ts
FN:15,(anonymous_0)
FN:19,(anonymous_1)
FN:25,(anonymous_2)
FNF:3
FNH:2
FNDA:3,(anonymous_0)
FNDA:1,(anonymous_1)
FNDA:0,(anonymous_2)
DA:1,3
DA:3,3
DA:4,3
DA:11,3
DA:15,3
DA:16,3
DA:20,1
DA:26,0
LF:8
LH:7
BRF:0
BRH:0
end_of_record
TN:
SF:src\app\app.module.ts
FN:29,playerFactory
FN:30,(anonymous_1)
FNF:2
FNH:2
FNDA:14,playerFactory
FNDA:14,(anonymous_1)
DA:1,2
DA:2,2
DA:3,2
DA:4,2
DA:6,2
DA:7,2
DA:8,2
DA:9,2
DA:10,2
DA:11,2
DA:12,2
DA:13,2
DA:14,2
DA:15,2
DA:16,2
DA:17,2
DA:18,2
DA:19,2
DA:20,2
DA:21,2
DA:22,2
DA:23,2
DA:24,2
DA:25,2
DA:26,2
DA:27,2
DA:29,2
DA:30,28
DA:58,2
LF:29
LH:29
BRF:0
BRH:0
end_of_record
TN:
SF:src\app\pages\wallet\pages\auth\components\register\components\login\components\login.component.html
FNF:0
FNH:0
DA:1,1
LF:1
LH:1
BRF:0
BRH:0
end_of_record
TN:
SF:src\app\pages\wallet\pages\auth\components\register\components\login\components\login.component.ts
FN:40,(anonymous_0)
FN:44,(anonymous_1)
FN:49,(anonymous_2)
FN:59,(anonymous_3)
FN:64,(anonymous_4)
FNF:5
FNH:5
FNDA:8,(anonymous_0)
FNDA:8,(anonymous_1)
FNDA:8,(anonymous_2)
FNDA:8,(anonymous_3)
FNDA:2,(anonymous_4)
DA:1,1
DA:2,1
DA:3,1
DA:4,1
DA:13,1
DA:14,1
DA:19,1
DA:31,1
DA:36,8
DA:40,8
DA:41,8
DA:45,8
DA:46,8
DA:50,8
DA:60,8
DA:61,8
DA:65,2
DA:66,1
DA:67,1
LF:19
LH:19
BRDA:65,0,0,1
BRF:1
BRH:1
end_of_record
TN:
SF:src\app\pages\wallet\pages\auth\components\register\components\register\components\register.component.html
FNF:0
FNH:0
DA:1,1
LF:1
LH:1
BRF:0
BRH:0
end_of_record
TN:
SF:src\app\pages\wallet\pages\auth\components\register\components\register\components\register.component.ts
FN:33,(anonymous_0)
FN:36,(anonymous_1)
FN:41,(anonymous_2)
FN:68,(anonymous_3)
FN:73,(anonymous_4)
FN:76,(anonymous_5)
FN:86,(anonymous_6)
FNF:7
FNH:7
FNDA:6,(anonymous_0)
FNDA:5,(anonymous_1)
FNDA:5,(anonymous_2)
FNDA:5,(anonymous_3)
FNDA:2,(anonymous_4)
FNDA:2,(anonymous_5)
FNDA:3,(anonymous_6)
DA:1,1
DA:2,1
DA:4,1
DA:5,1
DA:8,1
DA:9,1
DA:12,1
DA:13,1
DA:25,1
DA:30,6
DA:33,6
DA:37,5
DA:38,5
DA:42,5
DA:69,5
DA:70,5
DA:74,2
DA:76,2
DA:77,2
DA:78,2
DA:79,0
DA:80,0
DA:87,3
DA:88,2
LF:24
LH:22
BRDA:78,0,0,0
BRDA:87,1,0,2
BRF:2
BRH:1
end_of_record
TN:
SF:src\app\pages\wallet\pages\auth\components\register\components\register\components\terms-conditions-modal\terms-conditions-modal.component.html
FNF:0
FNH:0
DA:1,2
LF:1
LH:1
BRF:0
BRH:0
end_of_record
TN:
SF:src\app\pages\wallet\pages\auth\components\register\components\register\components\terms-conditions-modal\terms-conditions-modal.component.ts
FNF:0
FNH:0
DA:1,2
DA:8,2
LF:2
LH:2
BRF:0
BRH:0
end_of_record
TN:
SF:src\app\pages\wallet\pages\auth\guards\auth.guard.ts
FN:15,(anonymous_0)
FN:19,(anonymous_1)
FN:22,(anonymous_2)
FN:23,(anonymous_3)
FNF:4
FNH:1
FNDA:1,(anonymous_0)
FNDA:0,(anonymous_1)
FNDA:0,(anonymous_2)
FNDA:0,(anonymous_3)
DA:1,3
DA:2,3
DA:3,3
DA:4,3
DA:6,3
DA:11,3
DA:15,1
DA:16,1
DA:20,0
DA:22,0
DA:24,0
DA:28,0
DA:29,0
DA:30,0
DA:32,0
LF:15
LH:8
BRDA:28,0,0,0
BRF:1
BRH:0
end_of_record
TN:
SF:src\app\pages\wallet\pages\auth\interceptors\auth.interceptor.ts
FN:14,(anonymous_0)
FN:16,(anonymous_1)
FNF:2
FNH:0
FNDA:0,(anonymous_0)
FNDA:0,(anonymous_1)
DA:1,2
DA:8,2
DA:10,2
DA:13,2
DA:14,0
DA:20,0
DA:21,0
DA:23,0
DA:24,0
DA:30,0
DA:34,2
LF:11
LH:5
BRDA:23,0,0,0
BRF:1
BRH:0
end_of_record
TN:
SF:src\app\pages\wallet\pages\auth\services\auth.service.ts
FN:13,(anonymous_0)
FN:15,(anonymous_1)
FN:19,(anonymous_2)
FN:22,(anonymous_3)
FN:26,(anonymous_4)
FN:29,(anonymous_5)
FN:32,(anonymous_6)
FN:35,(anonymous_7)
FN:38,(anonymous_8)
FN:40,(anonymous_9)
FN:43,(anonymous_10)
FNF:11
FNH:11
FNDA:20,(anonymous_0)
FNDA:2,(anonymous_1)
FNDA:1,(anonymous_2)
FNDA:3,(anonymous_3)
FNDA:1,(anonymous_4)
FNDA:2,(anonymous_5)
FNDA:1,(anonymous_6)
FNDA:2,(anonymous_7)
FNDA:1,(anonymous_8)
FNDA:2,(anonymous_9)
FNDA:1,(anonymous_10)
DA:1,4
DA:2,4
DA:4,4
DA:6,4
DA:12,4
DA:13,20
DA:16,2
DA:17,2
DA:19,1
DA:23,3
DA:24,3
DA:26,1
DA:30,2
DA:31,2
DA:32,1
DA:36,2
DA:37,2
DA:38,1
DA:41,2
DA:42,2
DA:43,1
LF:21
LH:21
BRF:0
BRH:0
end_of_record
TN:
SF:src\app\pages\wallet\pages\auth\store\actionTypes.ts
FN:1,(anonymous_0)
FNF:1
FNH:1
FNDA:7,(anonymous_0)
DA:1,7
DA:2,7
DA:3,7
DA:4,7
DA:5,7
DA:6,7
DA:7,7
DA:8,7
DA:9,7
DA:10,7
DA:11,7
DA:12,7
DA:13,7
DA:14,7
DA:15,7
DA:16,7
DA:17,7
DA:18,7
DA:19,7
LF:19
LH:19
BRDA:1,0,0,7
BRDA:1,0,1,7
BRF:2
BRH:2
end_of_record
TN:
SF:src\app\pages\wallet\pages\auth\store\actions\login.actions.ts
FNF:0
FNH:0
DA:1,7
DA:5,7
DA:7,7
DA:12,7
DA:17,7
LF:5
LH:5
BRF:0
BRH:0
end_of_record
TN:
SF:src\app\pages\wallet\pages\auth\store\actions\logout.actions.ts
FNF:0
FNH:0
DA:1,7
DA:2,7
DA:4,7
DA:8,7
LF:4
LH:4
BRF:0
BRH:0
end_of_record
TN:
SF:src\app\pages\wallet\pages\auth\store\actions\password-forgot.actions.ts
FNF:0
FNH:0
DA:1,7
DA:2,7
DA:8,7
DA:13,7
DA:18,7
LF:5
LH:5
BRF:0
BRH:0
end_of_record
TN:
SF:src\app\pages\wallet\pages\auth\store\actions\password-reset.actions.ts
FNF:0
FNH:0
DA:1,7
DA:2,7
DA:7,7
DA:12,7
DA:17,7
LF:5
LH:5
BRF:0
BRH:0
end_of_record
TN:
SF:src\app\pages\wallet\pages\auth\store\actions\register.action.ts
FNF:0
FNH:0
DA:1,7
DA:2,7
DA:8,7
DA:13,7
DA:18,7
LF:5
LH:5
BRF:0
BRH:0
end_of_record
TN:
SF:src\app\pages\wallet\pages\auth\store\actions\update-profile.action.ts
FNF:0
FNH:0
DA:1,7
DA:2,7
DA:6,7
DA:11,7
LF:4
LH:4
BRF:0
BRH:0
end_of_record
TN:
SF:src\app\pages\wallet\pages\auth\store\effects\login.effect.ts
FN:47,(anonymous_0)
FN:17,(anonymous_1)
FN:20,(anonymous_2)
FN:22,(anonymous_3)
FN:28,(anonymous_4)
FN:37,(anonymous_5)
FN:40,(anonymous_6)
FNF:7
FNH:4
FNDA:8,(anonymous_0)
FNDA:8,(anonymous_1)
FNDA:1,(anonymous_2)
FNDA:0,(anonymous_3)
FNDA:0,(anonymous_4)
FNDA:8,(anonymous_5)
FNDA:0,(anonymous_6)
DA:2,2
DA:3,2
DA:4,2
DA:5,2
DA:6,2
DA:8,2
DA:9,2
DA:16,2
DA:17,8
DA:18,8
DA:21,1
DA:23,0
DA:24,0
DA:25,0
DA:26,0
DA:29,0
DA:36,8
DA:38,8
DA:41,0
DA:48,8
DA:49,8
DA:50,8
DA:51,8
LF:23
LH:17
BRF:0
BRH:0
end_of_record
TN:
SF:src\app\pages\wallet\pages\auth\store\effects\logout.effect.ts
FN:31,(anonymous_0)
FN:10,(anonymous_1)
FN:13,(anonymous_2)
FN:21,(anonymous_3)
FN:24,(anonymous_4)
FNF:5
FNH:5
FNDA:21,(anonymous_0)
FNDA:21,(anonymous_1)
FNDA:9,(anonymous_2)
FNDA:21,(anonymous_3)
FNDA:9,(anonymous_4)
DA:1,5
DA:2,5
DA:3,5
DA:4,5
DA:5,5
DA:6,5
DA:9,5
DA:10,21
DA:11,21
DA:14,9
DA:15,9
DA:20,21
DA:22,21
DA:25,9
DA:32,21
DA:33,21
DA:34,21
LF:17
LH:17
BRF:0
BRH:0
end_of_record
TN:
SF:src\app\pages\wallet\pages\auth\store\effects\register.effect.ts
FN:42,(anonymous_0)
FN:45,(anonymous_1)
FN:14,(anonymous_2)
FN:17,(anonymous_3)
FN:19,(anonymous_4)
FN:22,(anonymous_5)
FN:31,(anonymous_6)
FN:34,(anonymous_7)
FNF:8
FNH:3
FNDA:0,(anonymous_0)
FNDA:8,(anonymous_1)
FNDA:8,(anonymous_2)
FNDA:0,(anonymous_3)
FNDA:0,(anonymous_4)
FNDA:0,(anonymous_5)
FNDA:8,(anonymous_6)
FNDA:0,(anonymous_7)
DA:1,2
DA:2,2
DA:3,2
DA:4,2
DA:5,2
DA:7,2
DA:8,2
DA:10,2
DA:13,2
DA:14,8
DA:15,8
DA:18,0
DA:20,0
DA:23,0
DA:30,8
DA:32,8
DA:35,0
DA:36,0
DA:43,0
DA:46,8
DA:47,8
DA:48,8
DA:49,8
DA:50,8
LF:24
LH:18
BRF:0
BRH:0
end_of_record
TN:
SF:src\app\pages\wallet\pages\auth\store\effects\update-profile.effect.ts
FN:37,(anonymous_0)
FN:40,(anonymous_1)
FN:14,(anonymous_2)
FN:17,(anonymous_3)
FN:19,(anonymous_4)
FN:28,(anonymous_5)
FN:31,(anonymous_6)
FNF:7
FNH:3
FNDA:0,(anonymous_0)
FNDA:8,(anonymous_1)
FNDA:8,(anonymous_2)
FNDA:0,(anonymous_3)
FNDA:0,(anonymous_4)
FNDA:8,(anonymous_5)
FNDA:0,(anonymous_6)
DA:1,2
DA:2,2
DA:3,2
DA:4,2
DA:6,2
DA:7,2
DA:13,2
DA:14,8
DA:15,8
DA:18,0
DA:20,0
DA:27,8
DA:29,8
DA:32,0
DA:38,0
DA:41,8
DA:42,8
DA:43,8
LF:18
LH:14
BRF:0
BRH:0
end_of_record
TN:
SF:src\app\pages\wallet\pages\auth\store\reducers\auth.reducers.ts
FN:34,(anonymous_0)
FN:44,(anonymous_1)
FN:56,(anonymous_2)
FN:67,(anonymous_3)
FN:77,(anonymous_4)
FN:89,(anonymous_5)
FN:100,(anonymous_6)
FN:110,(anonymous_7)
FN:119,(anonymous_8)
FN:130,(anonymous_9)
FN:142,(anonymous_10)
FN:153,(anonymous_11)
FN:164,(anonymous_12)
FN:176,(anonymous_13)
FN:186,(anonymous_14)
FN:193,(anonymous_15)
FN:201,reducers
FNF:17
FNH:4
FNDA:0,(anonymous_0)
FNDA:0,(anonymous_1)
FNDA:0,(anonymous_2)
FNDA:1,(anonymous_3)
FNDA:0,(anonymous_4)
FNDA:0,(anonymous_5)
FNDA:9,(anonymous_6)
FNDA:9,(anonymous_7)
FNDA:0,(anonymous_8)
FNDA:0,(anonymous_9)
FNDA:0,(anonymous_10)
FNDA:0,(anonymous_11)
FNDA:0,(anonymous_12)
FNDA:0,(anonymous_13)
FNDA:0,(anonymous_14)
FNDA:0,(anonymous_15)
FNDA:71,reducers
DA:1,7
DA:2,7
DA:3,7
DA:4,7
DA:9,7
DA:14,7
DA:15,7
DA:18,7
DA:30,7
DA:34,0
DA:44,0
DA:56,0
DA:67,1
DA:77,0
DA:89,0
DA:100,9
DA:110,9
DA:119,0
DA:130,0
DA:142,0
DA:153,0
DA:164,0
DA:176,0
DA:186,0
DA:193,0
DA:201,7
DA:202,71
LF:27
LH:14
BRF:0
BRH:0
end_of_record
TN:
SF:src\app\pages\wallet\pages\auth\store\selectors\auth.selector.ts
FN:8,(anonymous_0)
FN:14,(anonymous_1)
FN:19,(anonymous_2)
FN:24,(anonymous_3)
FN:29,(anonymous_4)
FN:33,(anonymous_5)
FN:38,(anonymous_6)
FN:43,(anonymous_7)
FN:48,(anonymous_8)
FNF:9
FNH:4
FNDA:0,(anonymous_0)
FNDA:5,(anonymous_1)
FNDA:1,(anonymous_2)
FNDA:9,(anonymous_3)
FNDA:1,(anonymous_4)
FNDA:0,(anonymous_5)
FNDA:0,(anonymous_6)
FNDA:0,(anonymous_7)
FNDA:0,(anonymous_8)
DA:1,7
DA:4,7
DA:6,7
DA:8,0
DA:12,7
DA:14,5
DA:17,7
DA:19,1
DA:22,7
DA:24,9
DA:27,7
DA:29,1
DA:31,7
DA:33,0
DA:36,7
DA:38,0
DA:41,7
DA:43,0
DA:46,7
DA:48,0
LF:20
LH:15
BRF:0
BRH:0
end_of_record
TN:
SF:src\app\shared\interceptors\spinner.interceptor.ts
FN:8,(anonymous_0)
FN:9,(anonymous_1)
FN:12,(anonymous_2)
FNF:3
FNH:0
FNDA:0,(anonymous_0)
FNDA:0,(anonymous_1)
FNDA:0,(anonymous_2)
DA:1,2
DA:2,2
DA:3,2
DA:4,2
DA:7,2
DA:8,0
DA:10,0
DA:12,0
DA:13,0
DA:18,2
LF:10
LH:6
BRF:0
BRH:0
end_of_record
TN:
SF:src\app\shared\modules\backend-error-messages\backend-error-messages.module.ts
FNF:0
FNH:0
DA:1,1
DA:2,1
DA:3,1
DA:4,1
DA:5,1
DA:22,1
LF:6
LH:6
BRF:0
BRH:0
end_of_record
TN:
SF:src\app\shared\modules\backend-error-messages\components\backend-error-messages.component.html
FNF:0
FNH:0
DA:1,2
LF:1
LH:1
BRF:0
BRH:0
end_of_record
TN:
SF:src\app\shared\modules\backend-error-messages\components\backend-error-messages.component.ts
FN:13,(anonymous_0)
FNF:1
FNH:1
FNDA:3,(anonymous_0)
DA:1,2
DA:9,2
DA:14,3
LF:3
LH:3
BRF:0
BRH:0
end_of_record
TN:
SF:src\app\shared\modules\bottom-navbar\bottom-navbar.module.ts
FNF:0
FNH:0
DA:1,2
DA:2,2
DA:3,2
DA:4,2
DA:5,2
DA:6,2
DA:7,2
DA:8,2
DA:9,2
DA:30,2
LF:10
LH:10
BRF:0
BRH:0
end_of_record
TN:
SF:src\app\shared\modules\bottom-navbar\components\bottom-navbar.component.html
FNF:0
FNH:0
DA:1,3
LF:1
LH:1
BRF:0
BRH:0
end_of_record
TN:
SF:src\app\shared\modules\bottom-navbar\components\bottom-navbar.component.ts
FN:11,(anonymous_0)
FNF:1
FNH:1
FNDA:4,(anonymous_0)
DA:1,3
DA:3,3
DA:11,3
DA:12,4
DA:13,4
DA:14,4
LF:6
LH:6
BRF:0
BRH:0
end_of_record
TN:
SF:src\app\shared\modules\footer\footer.module.ts
FNF:0
FNH:0
DA:1,3
DA:2,3
DA:3,3
DA:10,3
LF:4
LH:4
BRF:0
BRH:0
end_of_record
TN:
SF:src\app\shared\modules\footer\components\footer\footer.component.html
FNF:0
FNH:0
DA:1,3
LF:1
LH:1
BRF:0
BRH:0
end_of_record
TN:
SF:src\app\shared\modules\footer\components\footer\footer.component.ts
FNF:0
FNH:0
DA:1,3
DA:8,3
LF:2
LH:2
BRF:0
BRH:0
end_of_record
TN:
SF:src\app\shared\modules\generic-title\generic-title.module.ts
FNF:0
FNH:0
DA:1,2
DA:2,2
DA:3,2
DA:4,2
DA:5,2
DA:22,2
LF:6
LH:6
BRF:0
BRH:0
end_of_record
TN:
SF:src\app\shared\modules\generic-title\components\generic-title.component.html
FNF:0
FNH:0
DA:1,2
LF:1
LH:1
BRF:0
BRH:0
end_of_record
TN:
SF:src\app\shared\modules\generic-title\components\generic-title.component.ts
FNF:0
FNH:0
DA:1,2
DA:8,2
LF:2
LH:2
BRF:0
BRH:0
end_of_record
TN:
SF:src\app\shared\modules\profile\profile.module.ts
FNF:0
FNH:0
DA:1,4
DA:2,4
DA:3,4
DA:4,4
DA:5,4
DA:6,4
DA:7,4
DA:8,4
DA:9,4
DA:10,4
DA:11,4
DA:12,4
DA:33,4
LF:13
LH:13
BRF:0
BRH:0
end_of_record
TN:
SF:src\app\shared\modules\profile\components\profile\profile.component.html
FNF:0
FNH:0
DA:1,5
LF:1
LH:1
BRF:0
BRH:0
end_of_record
TN:
SF:src\app\shared\modules\profile\components\profile\profile.component.ts
FN:17,(anonymous_0)
FN:21,(anonymous_1)
FN:25,(anonymous_2)
FNF:3
FNH:3
FNDA:13,(anonymous_0)
FNDA:1,(anonymous_1)
FNDA:1,(anonymous_2)
DA:1,5
DA:2,5
DA:3,5
DA:6,5
DA:7,5
DA:14,5
DA:17,13
DA:18,13
DA:22,1
DA:26,1
LF:10
LH:10
BRF:0
BRH:0
end_of_record
TN:
SF:src\app\shared\modules\spinner\spinner.module.ts
FNF:0
FNH:0
DA:1,3
DA:2,3
DA:3,3
DA:4,3
DA:19,3
LF:5
LH:5
BRF:0
BRH:0
end_of_record
TN:
SF:src\app\shared\modules\spinner\components\spinner.component.html
FNF:0
FNH:0
DA:1,3
LF:1
LH:1
BRF:0
BRH:0
end_of_record
TN:
SF:src\app\shared\modules\spinner\components\spinner.component.ts
FN:16,(anonymous_0)
FNF:1
FNH:1
FNDA:3,(anonymous_0)
DA:1,3
DA:2,3
DA:11,3
DA:12,3
DA:13,3
DA:16,3
LF:6
LH:6
BRF:0
BRH:0
end_of_record
TN:
SF:src\app\shared\modules\spinner\services\spinner.service.ts
FN:7,(anonymous_0)
FN:10,(anonymous_1)
FN:14,(anonymous_2)
FNF:3
FNH:3
FNDA:6,(anonymous_0)
FNDA:1,(anonymous_1)
FNDA:1,(anonymous_2)
DA:1,4
DA:2,4
DA:7,4
DA:8,6
DA:11,1
DA:15,1
LF:6
LH:6
BRF:0
BRH:0
end_of_record
TN:
SF:src\app\shared\modules\top-navbar\top-navbar.module.ts
FNF:0
FNH:0
DA:1,2
DA:2,2
DA:3,2
DA:4,2
DA:5,2
DA:6,2
DA:7,2
DA:8,2
DA:9,2
DA:17,2
LF:10
LH:10
BRF:0
BRH:0
end_of_record
TN:
SF:src\app\shared\modules\top-navbar\components\top-navbar\top-navbar.component.html
FNF:0
FNH:0
DA:1,3
LF:1
LH:1
BRF:0
BRH:0
end_of_record
TN:
SF:src\app\shared\modules\top-navbar\components\top-navbar\top-navbar.component.ts
FN:11,(anonymous_0)
FNF:1
FNH:1
FNDA:4,(anonymous_0)
DA:1,3
DA:3,3
DA:11,3
DA:12,4
DA:13,4
DA:14,4
LF:6
LH:6
BRF:0
BRH:0
end_of_record
TN:
SF:src\app\shared\services\persistance.service.ts
FN:5,(anonymous_0)
FN:13,(anonymous_1)
FN:18,(anonymous_2)
FNF:3
FNH:3
FNDA:3,(anonymous_0)
FNDA:2,(anonymous_1)
FNDA:10,(anonymous_2)
DA:1,6
DA:4,6
DA:6,3
DA:7,3
DA:9,0
DA:14,2
DA:15,2
DA:19,10
LF:8
LH:7
BRF:0
BRH:0
end_of_record
TN:
SF:src\environments\environment.ts
FNF:0
FNH:0
DA:1,4
LF:1
LH:1
BRF:0
BRH:0
end_of_record
